<?xml version="1.0" encoding="UTF-8"?>
<testsuite xmlns:xsi="http://www.w3.org/2001/XMLSchema-instance" xsi:noNamespaceSchemaLocation="https://maven.apache.org/surefire/maven-surefire-plugin/xsd/surefire-test-report.xsd" version="3.0.2" name="practica01.Practica01ApplicationTests" time="4.261" tests="1" errors="1" skipped="0" failures="0">
  <properties>
[...]
</properties>
  <testcase name="contextLoads" classname="practica01.Practica01ApplicationTests" time="0.006">
    <error message="Failed to load ApplicationContext for [WebMergedContextConfiguration@c4551c6 testClass = practica01.Practica01ApplicationTests, locations = [], classes = [practica01.Practica01Application], contextInitializerClasses = [], activeProfiles = [], propertySourceDescriptors = [], propertySourceProperties = [&quot;org.springframework.boot.test.context.SpringBootTestContextBootstrapper=true&quot;], contextCustomizers = [org.springframework.boot.test.context.filter.ExcludeFilterContextCustomizer@266374ef, org.springframework.boot.test.json.DuplicateJsonObjectContextCustomizerFactory$DuplicateJsonObjectContextCustomizer@7b7fdc8, org.springframework.boot.test.mock.mockito.MockitoContextCustomizer@0, org.springframework.boot.test.web.client.TestRestTemplateContextCustomizer@27e47833, org.springframework.boot.test.web.reactor.netty.DisableReactorResourceFactoryGlobalResourcesContextCustomizerFactory$DisableReactorResourceFactoryGlobalResourcesContextCustomizerCustomizer@34f6515b, org.springframework.boot.test.autoconfigure.OnFailureConditionReportContextCustomizerFactory$OnFailureConditionReportContextCustomizer@127a7a2e, org.springframework.boot.test.autoconfigure.actuate.observability.ObservabilityContextCustomizerFactory$DisableObservabilityContextCustomizer@1f, org.springframework.boot.test.autoconfigure.properties.PropertyMappingContextCustomizer@0, org.springframework.boot.test.autoconfigure.web.servlet.WebDriverContextCustomizer@55cf0d14, org.springframework.test.context.support.DynamicPropertiesContextCustomizer@0, org.springframework.boot.test.context.SpringBootTestAnnotation@f4c58018], resourceBasePath = &quot;src/main/webapp&quot;, contextLoader = org.springframework.boot.test.context.SpringBootContextLoader, parent = null]" type="java.lang.IllegalStateException"><![CDATA[java.lang.IllegalStateException: Failed to load ApplicationContext for [WebMergedContextConfiguration@c4551c6 testClass = practica01.Practica01ApplicationTests, locations = [], classes = [practica01.Practica01Application], contextInitializerClasses = [], activeProfiles = [], propertySourceDescriptors = [], propertySourceProperties = ["org.springframework.boot.test.context.SpringBootTestContextBootstrapper=true"], contextCustomizers = [org.springframework.boot.test.context.filter.ExcludeFilterContextCustomizer@266374ef, org.springframework.boot.test.json.DuplicateJsonObjectContextCustomizerFactory$DuplicateJsonObjectContextCustomizer@7b7fdc8, org.springframework.boot.test.mock.mockito.MockitoContextCustomizer@0, org.springframework.boot.test.web.client.TestRestTemplateContextCustomizer@27e47833, org.springframework.boot.test.web.reactor.netty.DisableReactorResourceFactoryGlobalResourcesContextCustomizerFactory$DisableReactorResourceFactoryGlobalResourcesContextCustomizerCustomizer@34f6515b, org.springframework.boot.test.autoconfigure.OnFailureConditionReportContextCustomizerFactory$OnFailureConditionReportContextCustomizer@127a7a2e, org.springframework.boot.test.autoconfigure.actuate.observability.ObservabilityContextCustomizerFactory$DisableObservabilityContextCustomizer@1f, org.springframework.boot.test.autoconfigure.properties.PropertyMappingContextCustomizer@0, org.springframework.boot.test.autoconfigure.web.servlet.WebDriverContextCustomizer@55cf0d14, org.springframework.test.context.support.DynamicPropertiesContextCustomizer@0, org.springframework.boot.test.context.SpringBootTestAnnotation@f4c58018], resourceBasePath = "src/main/webapp", contextLoader = org.springframework.boot.test.context.SpringBootContextLoader, parent = null]
	at org.springframework.test.context.cache.DefaultCacheAwareContextLoaderDelegate.loadContext(DefaultCacheAwareContextLoaderDelegate.java:180)
	at org.springframework.test.context.support.DefaultTestContext.getApplicationContext(DefaultTestContext.java:130)
	at org.springframework.test.context.web.ServletTestExecutionListener.setUpRequestContextIfNecessary(ServletTestExecutionListener.java:200)
	at org.springframework.test.context.web.ServletTestExecutionListener.prepareTestInstance(ServletTestExecutionListener.java:139)
	at org.springframework.test.context.TestContextManager.prepareTestInstance(TestContextManager.java:260)
	at org.springframework.test.context.junit.jupiter.SpringExtension.postProcessTestInstance(SpringExtension.java:159)
	at java.base/java.util.stream.ForEachOps$ForEachOp$OfRef.accept(ForEachOps.java:184)
	at java.base/java.util.stream.ReferencePipeline$3$1.accept(ReferencePipeline.java:215)
	at java.base/java.util.stream.ReferencePipeline$2$1.accept(ReferencePipeline.java:197)
	at java.base/java.util.stream.ReferencePipeline$3$1.accept(ReferencePipeline.java:215)
	at java.base/java.util.ArrayList$ArrayListSpliterator.forEachRemaining(ArrayList.java:1709)
	at java.base/java.util.stream.AbstractPipeline.copyInto(AbstractPipeline.java:570)
	at java.base/java.util.stream.AbstractPipeline.wrapAndCopyInto(AbstractPipeline.java:560)
	at java.base/java.util.stream.ForEachOps$ForEachOp.evaluateSequential(ForEachOps.java:151)
	at java.base/java.util.stream.ForEachOps$ForEachOp$OfRef.evaluateSequential(ForEachOps.java:174)
	at java.base/java.util.stream.AbstractPipeline.evaluate(AbstractPipeline.java:265)
	at java.base/java.util.stream.ReferencePipeline.forEach(ReferencePipeline.java:636)
	at java.base/java.util.Optional.orElseGet(Optional.java:364)
	at java.base/java.util.ArrayList.forEach(ArrayList.java:1597)
	at java.base/java.util.ArrayList.forEach(ArrayList.java:1597)
Caused by: org.springframework.beans.factory.BeanCreationException: Error creating bean with name 'entityManagerFactory' defined in class path resource [org/springframework/boot/autoconfigure/orm/jpa/HibernateJpaConfiguration.class]: Unable to create requested service [org.hibernate.engine.jdbc.env.spi.JdbcEnvironment] due to: Unable to determine Dialect without JDBC metadata (please set 'jakarta.persistence.jdbc.url' for common cases or 'hibernate.dialect' when a custom Dialect implementation must be provided)
	at org.springframework.beans.factory.support.AbstractAutowireCapableBeanFactory.initializeBean(AbstractAutowireCapableBeanFactory.java:1826)
	at org.springframework.beans.factory.support.AbstractAutowireCapableBeanFactory.doCreateBean(AbstractAutowireCapableBeanFactory.java:607)
	at org.springframework.beans.factory.support.AbstractAutowireCapableBeanFactory.createBean(AbstractAutowireCapableBeanFactory.java:529)
	at org.springframework.beans.factory.support.AbstractBeanFactory.lambda$doGetBean$0(AbstractBeanFactory.java:339)
	at org.springframework.beans.factory.support.DefaultSingletonBeanRegistry.getSingleton(DefaultSingletonBeanRegistry.java:373)
	at org.springframework.beans.factory.support.AbstractBeanFactory.doGetBean(AbstractBeanFactory.java:337)
	at org.springframework.beans.factory.support.AbstractBeanFactory.getBean(AbstractBeanFactory.java:207)
	at org.springframework.context.support.AbstractApplicationContext.finishBeanFactoryInitialization(AbstractApplicationContext.java:973)
	at org.springframework.context.support.AbstractApplicationContext.refresh(AbstractApplicationContext.java:627)
	at org.springframework.boot.SpringApplication.refresh(SpringApplication.java:752)
	at org.springframework.boot.SpringApplication.refreshContext(SpringApplication.java:439)
	at org.springframework.boot.SpringApplication.run(SpringApplication.java:318)
	at org.springframework.boot.test.context.SpringBootContextLoader.lambda$loadContext$3(SpringBootContextLoader.java:144)
	at org.springframework.util.function.ThrowingSupplier.get(ThrowingSupplier.java:58)
	at org.springframework.util.function.ThrowingSupplier.get(ThrowingSupplier.java:46)
	at org.springframework.boot.SpringApplication.withHook(SpringApplication.java:1461)
	at org.springframework.boot.test.context.SpringBootContextLoader$ContextLoaderHook.run(SpringBootContextLoader.java:563)
	at org.springframework.boot.test.context.SpringBootContextLoader.loadContext(SpringBootContextLoader.java:144)
	at org.springframework.boot.test.context.SpringBootContextLoader.loadContext(SpringBootContextLoader.java:110)
	at org.springframework.test.context.cache.DefaultCacheAwareContextLoaderDelegate.loadContextInternal(DefaultCacheAwareContextLoaderDelegate.java:225)
	at org.springframework.test.context.cache.DefaultCacheAwareContextLoaderDelegate.loadContext(DefaultCacheAwareContextLoaderDelegate.java:152)
	... 19 more
Caused by: org.hibernate.service.spi.ServiceException: Unable to create requested service [org.hibernate.engine.jdbc.env.spi.JdbcEnvironment] due to: Unable to determine Dialect without JDBC metadata (please set 'jakarta.persistence.jdbc.url' for common cases or 'hibernate.dialect' when a custom Dialect implementation must be provided)
	at org.hibernate.service.internal.AbstractServiceRegistryImpl.createService(AbstractServiceRegistryImpl.java:276)
	at org.hibernate.service.internal.AbstractServiceRegistryImpl.initializeService(AbstractServiceRegistryImpl.java:238)
	at org.hibernate.service.internal.AbstractServiceRegistryImpl.getService(AbstractServiceRegistryImpl.java:215)
	at org.hibernate.boot.model.relational.Database.<init>(Database.java:45)
	at org.hibernate.boot.internal.InFlightMetadataCollectorImpl.getDatabase(InFlightMetadataCollectorImpl.java:226)
	at org.hibernate.boot.internal.InFlightMetadataCollectorImpl.<init>(InFlightMetadataCollectorImpl.java:194)
	at org.hibernate.boot.model.process.spi.MetadataBuildingProcess.complete(MetadataBuildingProcess.java:171)
	at org.hibernate.jpa.boot.internal.EntityManagerFactoryBuilderImpl.metadata(EntityManagerFactoryBuilderImpl.java:1442)
	at org.hibernate.jpa.boot.internal.EntityManagerFactoryBuilderImpl.build(EntityManagerFactoryBuilderImpl.java:1513)
	at org.springframework.orm.jpa.vendor.SpringHibernateJpaPersistenceProvider.createContainerEntityManagerFactory(SpringHibernateJpaPersistenceProvider.java:66)
	at org.springframework.orm.jpa.LocalContainerEntityManagerFactoryBean.createNativeEntityManagerFactory(LocalContainerEntityManagerFactoryBean.java:390)
	at org.springframework.orm.jpa.AbstractEntityManagerFactoryBean.buildNativeEntityManagerFactory(AbstractEntityManagerFactoryBean.java:419)
	at org.springframework.orm.jpa.AbstractEntityManagerFactoryBean.afterPropertiesSet(AbstractEntityManagerFactoryBean.java:400)
	at org.springframework.orm.jpa.LocalContainerEntityManagerFactoryBean.afterPropertiesSet(LocalContainerEntityManagerFactoryBean.java:366)
	at org.springframework.beans.factory.support.AbstractAutowireCapableBeanFactory.invokeInitMethods(AbstractAutowireCapableBeanFactory.java:1873)
	at org.springframework.beans.factory.support.AbstractAutowireCapableBeanFactory.initializeBean(AbstractAutowireCapableBeanFactory.java:1822)
	... 39 more
Caused by: org.hibernate.HibernateException: Unable to determine Dialect without JDBC metadata (please set 'jakarta.persistence.jdbc.url' for common cases or 'hibernate.dialect' when a custom Dialect implementation must be provided)
	at org.hibernate.engine.jdbc.dialect.internal.DialectFactoryImpl.determineDialect(DialectFactoryImpl.java:191)
	at org.hibernate.engine.jdbc.dialect.internal.DialectFactoryImpl.buildDialect(DialectFactoryImpl.java:87)
	at org.hibernate.engine.jdbc.env.internal.JdbcEnvironmentInitiator.getJdbcEnvironmentWithDefaults(JdbcEnvironmentInitiator.java:186)
	at org.hibernate.engine.jdbc.env.internal.JdbcEnvironmentInitiator.getJdbcEnvironmentUsingJdbcMetadata(JdbcEnvironmentInitiator.java:410)
	at org.hibernate.engine.jdbc.env.internal.JdbcEnvironmentInitiator.initiateService(JdbcEnvironmentInitiator.java:129)
	at org.hibernate.engine.jdbc.env.internal.JdbcEnvironmentInitiator.initiateService(JdbcEnvironmentInitiator.java:81)
	at org.hibernate.boot.registry.internal.StandardServiceRegistryImpl.initiateService(StandardServiceRegistryImpl.java:130)
	at org.hibernate.service.internal.AbstractServiceRegistryImpl.createService(AbstractServiceRegistryImpl.java:263)
	... 54 more
]]></error>
    <system-out><![CDATA[17:28:32.438 [main] INFO org.springframework.test.context.support.AnnotationConfigContextLoaderUtils -- Could not detect default configuration classes for test class [practica01.Practica01ApplicationTests]: Practica01ApplicationTests does not declare any static, non-private, non-final, nested classes annotated with @Configuration.
17:28:32.574 [main] INFO org.springframework.boot.test.context.SpringBootTestContextBootstrapper -- Found @SpringBootConfiguration practica01.Practica01Application for test class practica01.Practica01ApplicationTests
17:28:32.762 [main] INFO org.springframework.boot.devtools.restart.RestartApplicationListener -- Restart disabled due to context in which it is running
23 17:28 [main] TRACE o.s.c.i.s.SpringFactoriesLoader - Loaded [org.springframework.boot.ApplicationContextFactory] names: [org.springframework.boot.web.reactive.context.ReactiveWebServerApplicationContextFactory, org.springframework.boot.web.servlet.context.ServletWebServerApplicationContextFactory]

  .   ____          _            __ _ _
 /\\ / ___'_ __ _ _(_)_ __  __ _ \ \ \ \
( ( )\___ | '_ | '_| | '_ \/ _` | \ \ \ \
 \\/  ___)| |_)| | | | | || (_| |  ) ) ) )
  '  |____| .__|_| |_|_| |_\__, | / / / /
 =========|_|==============|___/=/_/_/_/

 :: Spring Boot ::                (v3.5.7)

23 17:28 [background-preinit] DEBUG org.jboss.logging - Logging Provider: org.jboss.logging.Slf4jLoggerProvider found via system property
23 17:28 [background-preinit] DEBUG o.h.v.i.x.config.ValidationXmlParser - Trying to load META-INF/validation.xml for XML based Validator configuration.
23 17:28 [background-preinit] DEBUG o.h.v.i.x.c.ResourceLoaderHelper - Trying to load META-INF/validation.xml via TCCL
23 17:28 [background-preinit] DEBUG o.h.v.i.x.c.ResourceLoaderHelper - Trying to load META-INF/validation.xml via Hibernate Validator's class loader
23 17:28 [background-preinit] DEBUG o.h.v.i.x.config.ValidationXmlParser - No META-INF/validation.xml found. Using annotation based configuration only.
23 17:28 [background-preinit] DEBUG o.h.v.i.e.r.TraversableResolvers - Found jakarta.persistence.Persistence on classpath containing 'getPersistenceUtil'. Assuming JPA 2 environment. Trying to instantiate JPA aware TraversableResolver
23 17:28 [background-preinit] DEBUG o.h.v.i.e.r.TraversableResolvers - Instantiated JPA aware TraversableResolver of type org.hibernate.validator.internal.engine.resolver.JPATraversableResolver.
23 17:28 [main] TRACE o.s.b.f.s.DefaultListableBeanFactory - Registering scope 'restart' with implementation [org.springframework.boot.devtools.restart.RestartScopeInitializer$RestartScope@29a23c3d]
23 17:28 [main] TRACE o.s.c.i.s.SpringFactoriesLoader - Loaded [org.springframework.core.io.ProtocolResolver] names: [org.springframework.boot.io.Base64ProtocolResolver]
23 17:28 [main] TRACE o.s.b.f.s.DefaultListableBeanFactory - Returning cached instance of singleton bean 'autoConfigurationReport'
23 17:28 [main] INFO  p.Practica01ApplicationTests - Starting Practica01ApplicationTests using Java 23.0.1 with PID 46288 (started by sofic in C:\Users\sofic\OneDrive\Documents\NetBeansProjects\practica01)
23 17:28 [main] DEBUG p.Practica01ApplicationTests - Running with Spring Boot v3.5.7, Spring v6.2.12
23 17:28 [main] INFO  p.Practica01ApplicationTests - No active profile set, falling back to 1 default profile: "default"
23 17:28 [main] DEBUG o.s.boot.SpringApplication - Loading source class practica01.Practica01Application
23 17:28 [background-preinit] DEBUG o.h.v.m.ResourceBundleMessageInterpolator - Loaded expression factory via original TCCL
23 17:28 [main] TRACE o.s.c.a.ClassPathBeanDefinitionScanner - JSR-250 'jakarta.annotation.ManagedBean' found and supported for component scanning
23 17:28 [main] TRACE o.s.c.a.ClassPathBeanDefinitionScanner - JSR-250 'javax.annotation.ManagedBean' found and supported for component scanning
23 17:28 [main] TRACE o.s.c.a.ClassPathBeanDefinitionScanner - JSR-330 'jakarta.inject.Named' annotation found and supported for component scanning
23 17:28 [main] TRACE o.s.b.e.RandomValuePropertySourceEnvironmentPostProcessor - RandomValuePropertySource add to Environment
23 17:28 [main] TRACE o.s.b.c.c.ConfigDataEnvironmentPostProcessor - Post-processing environment to add config data
23 17:28 [main] TRACE o.s.b.c.config.ConfigDataEnvironment - Building config data environment contributors
23 17:28 [main] TRACE o.s.b.c.config.ConfigDataEnvironment - Creating wrapped config data contributor for 'Inlined Test Properties'
23 17:28 [main] TRACE o.s.b.c.config.ConfigDataEnvironment - Creating wrapped config data contributor for 'configurationProperties'
23 17:28 [main] TRACE o.s.b.c.config.ConfigDataEnvironment - Creating wrapped config data contributor for 'servletConfigInitParams'
23 17:28 [main] TRACE o.s.b.c.config.ConfigDataEnvironment - Creating wrapped config data contributor for 'servletContextInitParams'
23 17:28 [main] TRACE o.s.b.c.config.ConfigDataEnvironment - Creating wrapped config data contributor for 'systemProperties'
23 17:28 [main] TRACE o.s.b.c.config.ConfigDataEnvironment - Creating wrapped config data contributor for 'systemEnvironment'
23 17:28 [main] TRACE o.s.b.c.config.ConfigDataEnvironment - Creating wrapped config data contributor for 'random'
23 17:28 [main] TRACE o.s.b.c.config.ConfigDataEnvironment - Creating wrapped config data contributor for 'applicationInfo'
23 17:28 [main] TRACE o.s.b.c.config.ConfigDataEnvironment - Adding initial config data import from location 'optional:file:./;optional:file:./config/;optional:file:./config/*/'
23 17:28 [main] TRACE o.s.b.c.config.ConfigDataEnvironment - Adding initial config data import from location 'optional:classpath:/;optional:classpath:/config/'
23 17:28 [main] TRACE o.s.b.c.config.ConfigDataEnvironment - Processing initial config data environment contributors without activation context
23 17:28 [main] TRACE o.s.b.c.c.ConfigDataEnvironmentContributors - Processing imports for phase BEFORE_PROFILE_ACTIVATION. no activation context
23 17:28 [main] TRACE o.s.b.c.c.ConfigDataEnvironmentContributors - Processing imports [optional:file:./;optional:file:./config/;optional:file:./config/*/]
23 17:28 [main] TRACE o.s.b.c.c.StandardConfigDataLocationResolver - Skipping missing resource file:./application.yaml
23 17:28 [main] TRACE o.s.b.c.c.StandardConfigDataLocationResolver - Skipping missing resource file:./application.yml
23 17:28 [main] TRACE o.s.b.c.c.StandardConfigDataLocationResolver - Skipping missing resource file:./application.xml
23 17:28 [main] TRACE o.s.b.c.c.StandardConfigDataLocationResolver - Skipping missing resource file:./application.properties
23 17:28 [main] TRACE o.s.b.c.c.StandardConfigDataLocationResolver - Skipping missing resource file:./config/application.yaml
23 17:28 [main] TRACE o.s.b.c.c.StandardConfigDataLocationResolver - Skipping missing resource file:./config/application.yml
23 17:28 [main] TRACE o.s.b.c.c.StandardConfigDataLocationResolver - Skipping missing resource file:./config/application.xml
23 17:28 [main] TRACE o.s.b.c.c.StandardConfigDataLocationResolver - Skipping missing resource file:./config/application.properties
23 17:28 [main] TRACE o.s.b.c.config.ConfigDataImporter - Considering resource file [.] from location optional:file:./;optional:file:./config/;optional:file:./config/*/
23 17:28 [main] TRACE o.s.b.c.config.ConfigDataLoaders - Loading file [.] using loader org.springframework.boot.context.config.StandardConfigDataLoader
23 17:28 [main] TRACE o.s.b.c.config.ConfigDataImporter - Loaded resource file [.] from location optional:file:./;optional:file:./config/;optional:file:./config/*/
23 17:28 [main] TRACE o.s.b.c.c.ConfigDataEnvironmentContributors - Imported 1 resource [file [.]]
23 17:28 [main] TRACE o.s.b.c.c.ConfigDataEnvironmentContributors - Processing imports [optional:classpath:/;optional:classpath:/config/]
23 17:28 [main] TRACE o.s.b.c.c.StandardConfigDataLocationResolver - Skipping missing resource classpath:/application.yaml
23 17:28 [main] TRACE o.s.b.c.c.StandardConfigDataLocationResolver - Skipping missing resource classpath:/application.yml
23 17:28 [main] TRACE o.s.b.c.c.StandardConfigDataLocationResolver - Skipping missing resource classpath:/application.xml
23 17:28 [main] TRACE o.s.b.c.c.StandardConfigDataLocationResolver - Skipping missing resource classpath:/config/application.yaml
23 17:28 [main] TRACE o.s.b.c.c.StandardConfigDataLocationResolver - Skipping missing resource classpath:/config/application.yml
23 17:28 [main] TRACE o.s.b.c.c.StandardConfigDataLocationResolver - Skipping missing resource classpath:/config/application.xml
23 17:28 [main] TRACE o.s.b.c.c.StandardConfigDataLocationResolver - Skipping missing resource classpath:/config/application.properties
23 17:28 [main] TRACE o.s.b.c.config.ConfigDataImporter - Considering resource class path resource [application.properties] from location optional:classpath:/;optional:classpath:/config/
23 17:28 [main] TRACE o.s.b.c.config.ConfigDataLoaders - Loading class path resource [application.properties] using loader org.springframework.boot.context.config.StandardConfigDataLoader
23 17:28 [main] TRACE o.s.b.c.config.ConfigDataImporter - Loaded resource class path resource [application.properties] from location optional:classpath:/;optional:classpath:/config/
23 17:28 [main] TRACE o.s.b.c.c.ConfigDataEnvironmentContributors - Imported 1 resource [class path resource [application.properties]]
23 17:28 [main] TRACE o.s.b.c.c.ConfigDataEnvironmentContributors - Processed imports for of 2 contributors
23 17:28 [main] TRACE o.s.b.c.config.ConfigDataEnvironment - Creating config data activation context from initial contributions
23 17:28 [main] TRACE o.s.b.c.config.ConfigDataEnvironment - Processing config data environment contributors with initial activation context
23 17:28 [main] TRACE o.s.b.c.c.ConfigDataEnvironmentContributors - Processing imports for phase BEFORE_PROFILE_ACTIVATION. [ConfigDataActivationContext@72209d93 cloudPlatform = [null], profiles = [null]]
23 17:28 [main] TRACE o.s.b.c.c.ConfigDataEnvironmentContributors - Processed imports for of 0 contributors
23 17:28 [main] TRACE o.s.b.c.config.ConfigDataEnvironment - Deducing profiles from current config data environment contributors
23 17:28 [main] TRACE o.s.b.c.config.ConfigDataEnvironment - Processing config data environment contributors with profile activation context
23 17:28 [main] TRACE o.s.b.c.c.ConfigDataEnvironmentContributors - Processing imports for phase AFTER_PROFILE_ACTIVATION. [ConfigDataActivationContext@2687f956 cloudPlatform = [null], profiles = [Profiles@1ded7b14 active = '[]', default = '[default]', accepted = '[default]']]
23 17:28 [main] TRACE o.s.b.c.c.ConfigDataEnvironmentContributors - Processing imports [optional:file:./;optional:file:./config/;optional:file:./config/*/]
23 17:28 [main] TRACE o.s.b.c.c.StandardConfigDataLocationResolver - Skipping missing resource file:./application.yaml
23 17:28 [main] TRACE o.s.b.c.c.StandardConfigDataLocationResolver - Skipping missing resource file:./application.yml
23 17:28 [main] TRACE o.s.b.c.c.StandardConfigDataLocationResolver - Skipping missing resource file:./application.xml
23 17:28 [main] TRACE o.s.b.c.c.StandardConfigDataLocationResolver - Skipping missing resource file:./application.properties
23 17:28 [main] TRACE o.s.b.c.c.StandardConfigDataLocationResolver - Skipping missing resource file:./config/application.yaml
23 17:28 [main] TRACE o.s.b.c.c.StandardConfigDataLocationResolver - Skipping missing resource file:./config/application.yml
23 17:28 [main] TRACE o.s.b.c.c.StandardConfigDataLocationResolver - Skipping missing resource file:./config/application.xml
23 17:28 [main] TRACE o.s.b.c.c.StandardConfigDataLocationResolver - Skipping missing resource file:./config/application.properties
23 17:28 [main] TRACE o.s.b.c.c.StandardConfigDataLocationResolver - Skipping missing resource file:./application-default.yaml
23 17:28 [main] TRACE o.s.b.c.c.StandardConfigDataLocationResolver - Skipping missing resource file:./application-default.yml
23 17:28 [main] TRACE o.s.b.c.c.StandardConfigDataLocationResolver - Skipping missing resource file:./application-default.xml
23 17:28 [main] TRACE o.s.b.c.c.StandardConfigDataLocationResolver - Skipping missing resource file:./application-default.properties
23 17:28 [main] TRACE o.s.b.c.c.StandardConfigDataLocationResolver - Skipping missing resource file:./config/application-default.yaml
23 17:28 [main] TRACE o.s.b.c.c.StandardConfigDataLocationResolver - Skipping missing resource file:./config/application-default.yml
23 17:28 [main] TRACE o.s.b.c.c.StandardConfigDataLocationResolver - Skipping missing resource file:./config/application-default.xml
23 17:28 [main] TRACE o.s.b.c.c.StandardConfigDataLocationResolver - Skipping missing resource file:./config/application-default.properties
23 17:28 [main] TRACE o.s.b.c.config.ConfigDataImporter - Considering resource file [.] from location optional:file:./;optional:file:./config/;optional:file:./config/*/
23 17:28 [main] TRACE o.s.b.c.config.ConfigDataImporter - Already loaded resource file [.] ignoring location optional:file:./;optional:file:./config/;optional:file:./config/*/
23 17:28 [main] TRACE o.s.b.c.config.ConfigDataImporter - Considering resource file [.] from location optional:file:./;optional:file:./config/;optional:file:./config/*/
23 17:28 [main] TRACE o.s.b.c.config.ConfigDataImporter - Already loaded resource file [.] ignoring location optional:file:./;optional:file:./config/;optional:file:./config/*/
23 17:28 [main] TRACE o.s.b.c.c.ConfigDataEnvironmentContributors - Nothing imported
23 17:28 [main] TRACE o.s.b.c.c.ConfigDataEnvironmentContributors - Processing imports [optional:classpath:/;optional:classpath:/config/]
23 17:28 [main] TRACE o.s.b.c.c.StandardConfigDataLocationResolver - Skipping missing resource classpath:/application.yaml
23 17:28 [main] TRACE o.s.b.c.c.StandardConfigDataLocationResolver - Skipping missing resource classpath:/application.yml
23 17:28 [main] TRACE o.s.b.c.c.StandardConfigDataLocationResolver - Skipping missing resource classpath:/application.xml
23 17:28 [main] TRACE o.s.b.c.c.StandardConfigDataLocationResolver - Skipping missing resource classpath:/config/application.yaml
23 17:28 [main] TRACE o.s.b.c.c.StandardConfigDataLocationResolver - Skipping missing resource classpath:/config/application.yml
23 17:28 [main] TRACE o.s.b.c.c.StandardConfigDataLocationResolver - Skipping missing resource classpath:/config/application.xml
23 17:28 [main] TRACE o.s.b.c.c.StandardConfigDataLocationResolver - Skipping missing resource classpath:/config/application.properties
23 17:28 [main] TRACE o.s.b.c.c.StandardConfigDataLocationResolver - Skipping missing resource classpath:/application-default.yaml
23 17:28 [main] TRACE o.s.b.c.c.StandardConfigDataLocationResolver - Skipping missing resource classpath:/application-default.yml
23 17:28 [main] TRACE o.s.b.c.c.StandardConfigDataLocationResolver - Skipping missing resource classpath:/application-default.xml
23 17:28 [main] TRACE o.s.b.c.c.StandardConfigDataLocationResolver - Skipping missing resource classpath:/application-default.properties
23 17:28 [main] TRACE o.s.b.c.c.StandardConfigDataLocationResolver - Skipping missing resource classpath:/config/application-default.yaml
23 17:28 [main] TRACE o.s.b.c.c.StandardConfigDataLocationResolver - Skipping missing resource classpath:/config/application-default.yml
23 17:28 [main] TRACE o.s.b.c.c.StandardConfigDataLocationResolver - Skipping missing resource classpath:/config/application-default.xml
23 17:28 [main] TRACE o.s.b.c.c.StandardConfigDataLocationResolver - Skipping missing resource classpath:/config/application-default.properties
23 17:28 [main] TRACE o.s.b.c.config.ConfigDataImporter - Considering resource class path resource [application.properties] from location optional:classpath:/;optional:classpath:/config/
23 17:28 [main] TRACE o.s.b.c.config.ConfigDataImporter - Already loaded resource class path resource [application.properties] ignoring location optional:classpath:/;optional:classpath:/config/
23 17:28 [main] TRACE o.s.b.c.c.ConfigDataEnvironmentContributors - Nothing imported
23 17:28 [main] TRACE o.s.b.c.c.ConfigDataEnvironmentContributors - Processed imports for of 2 contributors
23 17:28 [main] TRACE o.s.b.c.config.ConfigDataEnvironment - Applying config data environment contributions
23 17:28 [main] TRACE o.s.b.c.config.ConfigDataEnvironment - Adding imported property source 'Config resource 'class path resource [application.properties]' via location 'optional:classpath:/''
23 17:28 [main] TRACE o.s.b.c.config.ConfigDataEnvironment - Setting default profiles: [default]
23 17:28 [main] TRACE o.s.b.c.config.ConfigDataEnvironment - Setting active profiles: []
23 17:28 [main] TRACE o.s.w.c.s.GenericWebApplicationContext - Refreshing org.springframework.web.context.support.GenericWebApplicationContext@6f63c44f, started on Thu Oct 23 17:28:33 CST 2025
23 17:28 [main] TRACE o.s.b.f.s.DefaultListableBeanFactory - Registering scope 'request' with implementation [org.springframework.web.context.request.RequestScope@a7f0ab6]
23 17:28 [main] TRACE o.s.b.f.s.DefaultListableBeanFactory - Registering scope 'session' with implementation [org.springframework.web.context.request.SessionScope@425d5d46]
23 17:28 [main] TRACE o.s.b.f.s.DefaultListableBeanFactory - Registering scope 'application' with implementation [org.springframework.web.context.support.ServletContextScope@14151bc5]
23 17:28 [main] DEBUG o.s.b.f.s.DefaultListableBeanFactory - Creating shared instance of singleton bean 'org.springframework.context.annotation.internalConfigurationAnnotationProcessor'
23 17:28 [main] TRACE o.s.b.f.s.DefaultListableBeanFactory - Creating instance of bean 'org.springframework.context.annotation.internalConfigurationAnnotationProcessor'
23 17:28 [main] DEBUG o.s.b.f.s.DefaultListableBeanFactory - Creating shared instance of singleton bean 'org.springframework.boot.autoconfigure.internalCachingMetadataReaderFactory'
23 17:28 [main] TRACE o.s.b.f.s.DefaultListableBeanFactory - Creating instance of bean 'org.springframework.boot.autoconfigure.internalCachingMetadataReaderFactory'
23 17:28 [main] TRACE o.s.b.f.s.DefaultListableBeanFactory - Finished creating instance of bean 'org.springframework.boot.autoconfigure.internalCachingMetadataReaderFactory'
23 17:28 [main] TRACE o.s.c.i.s.SpringFactoriesLoader - Loaded [org.springframework.beans.BeanInfoFactory] names: [org.springframework.data.util.KotlinBeanInfoFactory]
23 17:28 [main] TRACE o.s.beans.CachedIntrospectionResults - Getting BeanInfo for class [org.springframework.context.annotation.ConfigurationClassPostProcessor]
23 17:28 [main] TRACE o.s.beans.CachedIntrospectionResults - Caching PropertyDescriptors for class [org.springframework.context.annotation.ConfigurationClassPostProcessor]
23 17:28 [main] TRACE o.s.beans.CachedIntrospectionResults - Found bean property 'applicationStartup' of type [org.springframework.core.metrics.ApplicationStartup]
23 17:28 [main] TRACE o.s.beans.CachedIntrospectionResults - Found bean property 'beanClassLoader' of type [java.lang.ClassLoader]
23 17:28 [main] TRACE o.s.beans.CachedIntrospectionResults - Found bean property 'beanExcludedFromAotProcessing' of type [boolean]
23 17:28 [main] TRACE o.s.beans.CachedIntrospectionResults - Found bean property 'beanNameGenerator' of type [org.springframework.beans.factory.support.BeanNameGenerator]
23 17:28 [main] TRACE o.s.beans.CachedIntrospectionResults - Found bean property 'class' of type [java.lang.Class]
23 17:28 [main] TRACE o.s.beans.CachedIntrospectionResults - Found bean property 'environment' of type [org.springframework.core.env.Environment]
23 17:28 [main] TRACE o.s.beans.CachedIntrospectionResults - Found bean property 'metadataReaderFactory' of type [org.springframework.core.type.classreading.MetadataReaderFactory]
23 17:28 [main] TRACE o.s.beans.CachedIntrospectionResults - Found bean property 'order' of type [int]
23 17:28 [main] TRACE o.s.beans.CachedIntrospectionResults - Found bean property 'problemReporter' of type [org.springframework.beans.factory.parsing.ProblemReporter]
23 17:28 [main] TRACE o.s.beans.CachedIntrospectionResults - Found bean property 'resourceLoader' of type [org.springframework.core.io.ResourceLoader]
23 17:28 [main] TRACE o.s.beans.CachedIntrospectionResults - Found bean property 'sourceExtractor' of type [org.springframework.beans.factory.parsing.SourceExtractor]
23 17:28 [main] TRACE o.s.b.f.s.DefaultListableBeanFactory - Finished creating instance of bean 'org.springframework.context.annotation.internalConfigurationAnnotationProcessor'
23 17:28 [main] TRACE o.s.c.a.ClassPathBeanDefinitionScanner - JSR-250 'jakarta.annotation.ManagedBean' found and supported for component scanning
23 17:28 [main] TRACE o.s.c.a.ClassPathBeanDefinitionScanner - JSR-250 'javax.annotation.ManagedBean' found and supported for component scanning
23 17:28 [main] TRACE o.s.c.a.ClassPathBeanDefinitionScanner - JSR-330 'jakarta.inject.Named' annotation found and supported for component scanning
23 17:28 [main] TRACE o.s.c.i.s.PathMatchingResourcePatternResolver - Resolved module-path location pattern [practica01/**/*.class] to resources []
23 17:28 [main] TRACE o.s.c.i.s.PathMatchingResourcePatternResolver - Resolved module-path location pattern [practica01/] to resources []
23 17:28 [main] TRACE o.s.c.i.s.PathMatchingResourcePatternResolver - Resolved class path location [practica01/] to resources [file [C:\Users\sofic\OneDrive\Documents\NetBeansProjects\practica01\target\test-classes\practica01], file [C:\Users\sofic\OneDrive\Documents\NetBeansProjects\practica01\target\classes\practica01]]
23 17:28 [main] TRACE o.s.c.i.s.PathMatchingResourcePatternResolver - Searching directory [C:\Users\sofic\OneDrive\Documents\NetBeansProjects\practica01\target\test-classes\practica01] for files matching pattern [**/*.class]
23 17:28 [main] TRACE o.s.c.i.s.PathMatchingResourcePatternResolver - Searching directory [C:\Users\sofic\OneDrive\Documents\NetBeansProjects\practica01\target\classes\practica01] for files matching pattern [**/*.class]
23 17:28 [main] TRACE o.s.c.i.s.PathMatchingResourcePatternResolver - Resolved location pattern [classpath*:practica01/**/*.class] to resources [file [C:\Users\sofic\OneDrive\Documents\NetBeansProjects\practica01\target\test-classes\practica01\Practica01ApplicationTests.class], file [C:\Users\sofic\OneDrive\Documents\NetBeansProjects\practica01\target\classes\practica01\Practica01Application.class], file [C:\Users\sofic\OneDrive\Documents\NetBeansProjects\practica01\target\classes\practica01\ProjectConfig.class]]
23 17:28 [main] TRACE o.s.c.a.ClassPathBeanDefinitionScanner - Scanning file [C:\Users\sofic\OneDrive\Documents\NetBeansProjects\practica01\target\test-classes\practica01\Practica01ApplicationTests.class]
23 17:28 [main] TRACE o.s.b.f.s.DefaultListableBeanFactory - Returning cached instance of singleton bean 'org.springframework.boot.test.context.filter.TestTypeExcludeFilter'
23 17:28 [main] TRACE o.s.c.a.ClassPathBeanDefinitionScanner - Ignored because not matching any filter: file [C:\Users\sofic\OneDrive\Documents\NetBeansProjects\practica01\target\test-classes\practica01\Practica01ApplicationTests.class]
23 17:28 [main] TRACE o.s.c.a.ClassPathBeanDefinitionScanner - Scanning file [C:\Users\sofic\OneDrive\Documents\NetBeansProjects\practica01\target\classes\practica01\Practica01Application.class]
23 17:28 [main] TRACE o.s.c.a.ClassPathBeanDefinitionScanner - Ignored because not matching any filter: file [C:\Users\sofic\OneDrive\Documents\NetBeansProjects\practica01\target\classes\practica01\Practica01Application.class]
23 17:28 [main] TRACE o.s.c.a.ClassPathBeanDefinitionScanner - Scanning file [C:\Users\sofic\OneDrive\Documents\NetBeansProjects\practica01\target\classes\practica01\ProjectConfig.class]
23 17:28 [main] DEBUG o.s.c.a.ClassPathBeanDefinitionScanner - Identified candidate component class: file [C:\Users\sofic\OneDrive\Documents\NetBeansProjects\practica01\target\classes\practica01\ProjectConfig.class]
23 17:28 [background-preinit] DEBUG o.h.v.i.e.ValidatorFactoryConfigurationHelper - HV000252: Using org.hibernate.validator.internal.engine.DefaultPropertyNodeNameProvider as property node name provider.
23 17:28 [background-preinit] DEBUG o.h.v.i.e.ValidatorFactoryConfigurationHelper - HV000234: Using org.hibernate.validator.messageinterpolation.ResourceBundleMessageInterpolator as ValidatorFactory-scoped message interpolator.
23 17:28 [background-preinit] DEBUG o.h.v.i.e.ValidatorFactoryConfigurationHelper - HV000234: Using org.hibernate.validator.internal.engine.resolver.JPATraversableResolver as ValidatorFactory-scoped traversable resolver.
23 17:28 [background-preinit] DEBUG o.h.v.i.e.ValidatorFactoryConfigurationHelper - HV000234: Using org.hibernate.validator.internal.util.ExecutableParameterNameProvider as ValidatorFactory-scoped parameter name provider.
23 17:28 [background-preinit] DEBUG o.h.v.i.e.ValidatorFactoryConfigurationHelper - HV000234: Using org.hibernate.validator.internal.engine.DefaultClockProvider as ValidatorFactory-scoped clock provider.
23 17:28 [background-preinit] DEBUG o.h.v.i.e.ValidatorFactoryConfigurationHelper - HV000234: Using org.hibernate.validator.internal.engine.scripting.DefaultScriptEvaluatorFactory as ValidatorFactory-scoped script evaluator factory.
23 17:28 [main] TRACE o.s.c.i.s.SpringFactoriesLoader - Loaded [org.springframework.boot.autoconfigure.AutoConfigurationImportFilter] names: [org.springframework.boot.autoconfigure.condition.OnBeanCondition, org.springframework.boot.autoconfigure.condition.OnClassCondition, org.springframework.boot.autoconfigure.condition.OnWebApplicationCondition]
23 17:28 [main] TRACE o.s.b.f.s.DefaultListableBeanFactory - Returning cached instance of singleton bean 'autoConfigurationReport'
23 17:28 [main] TRACE o.s.b.a.condition.OnClassCondition - Condition OnClassCondition on org.springframework.boot.devtools.autoconfigure.DevToolsR2dbcAutoConfiguration did not match due to @ConditionalOnClass did not find required class 'io.r2dbc.spi.ConnectionFactory'
23 17:28 [main] TRACE o.s.b.a.condition.OnClassCondition - Condition OnClassCondition on org.springframework.boot.autoconfigure.amqp.RabbitAutoConfiguration did not match due to @ConditionalOnClass did not find required class 'com.rabbitmq.client.Channel'
23 17:28 [main] TRACE o.s.b.a.condition.OnClassCondition - Condition OnClassCondition on org.springframework.boot.autoconfigure.batch.BatchAutoConfiguration did not match due to @ConditionalOnClass did not find required class 'org.springframework.batch.core.launch.JobLauncher'
23 17:28 [main] TRACE o.s.b.a.condition.OnClassCondition - Condition OnClassCondition on org.springframework.boot.autoconfigure.cassandra.CassandraAutoConfiguration did not match due to @ConditionalOnClass did not find required class 'com.datastax.oss.driver.api.core.CqlSession'
23 17:28 [main] TRACE o.s.b.a.condition.OnClassCondition - Condition OnClassCondition on org.springframework.boot.autoconfigure.couchbase.CouchbaseAutoConfiguration did not match due to @ConditionalOnClass did not find required class 'com.couchbase.client.java.Cluster'
23 17:28 [main] TRACE o.s.b.a.condition.OnClassCondition - Condition OnClassCondition on org.springframework.boot.autoconfigure.data.cassandra.CassandraDataAutoConfiguration did not match due to @ConditionalOnClass did not find required class 'com.datastax.oss.driver.api.core.CqlSession'
23 17:28 [main] TRACE o.s.b.a.condition.OnClassCondition - Condition OnClassCondition on org.springframework.boot.autoconfigure.data.cassandra.CassandraReactiveDataAutoConfiguration did not match due to @ConditionalOnClass did not find required class 'com.datastax.oss.driver.api.core.CqlSession'
23 17:28 [main] TRACE o.s.b.a.condition.OnClassCondition - Condition OnClassCondition on org.springframework.boot.autoconfigure.data.cassandra.CassandraReactiveRepositoriesAutoConfiguration did not match due to @ConditionalOnClass did not find required class 'org.springframework.data.cassandra.ReactiveSession'
23 17:28 [main] TRACE o.s.b.a.condition.OnClassCondition - Condition OnClassCondition on org.springframework.boot.autoconfigure.data.cassandra.CassandraRepositoriesAutoConfiguration did not match due to @ConditionalOnClass did not find required class 'com.datastax.oss.driver.api.core.CqlSession'
23 17:28 [main] TRACE o.s.b.a.condition.OnClassCondition - Condition OnClassCondition on org.springframework.boot.autoconfigure.data.couchbase.CouchbaseDataAutoConfiguration did not match due to @ConditionalOnClass did not find required class 'com.couchbase.client.java.Bucket'
23 17:28 [main] TRACE o.s.b.a.condition.OnClassCondition - Condition OnClassCondition on org.springframework.boot.autoconfigure.data.couchbase.CouchbaseReactiveDataAutoConfiguration did not match due to @ConditionalOnClass did not find required class 'com.couchbase.client.java.Cluster'
23 17:28 [main] TRACE o.s.b.a.condition.OnClassCondition - Condition OnClassCondition on org.springframework.boot.autoconfigure.data.couchbase.CouchbaseReactiveRepositoriesAutoConfiguration did not match due to @ConditionalOnClass did not find required class 'com.couchbase.client.java.Cluster'
23 17:28 [main] TRACE o.s.b.a.condition.OnClassCondition - Condition OnClassCondition on org.springframework.boot.autoconfigure.data.couchbase.CouchbaseRepositoriesAutoConfiguration did not match due to @ConditionalOnClass did not find required class 'com.couchbase.client.java.Bucket'
23 17:28 [main] TRACE o.s.b.a.condition.OnClassCondition - Condition OnClassCondition on org.springframework.boot.autoconfigure.data.elasticsearch.ElasticsearchDataAutoConfiguration did not match due to @ConditionalOnClass did not find required class 'org.springframework.data.elasticsearch.client.elc.ElasticsearchTemplate'
23 17:28 [main] TRACE o.s.b.a.condition.OnClassCondition - Condition OnClassCondition on org.springframework.boot.autoconfigure.data.elasticsearch.ElasticsearchRepositoriesAutoConfiguration did not match due to @ConditionalOnClass did not find required class 'org.springframework.data.elasticsearch.repository.ElasticsearchRepository'
23 17:28 [main] TRACE o.s.b.a.condition.OnClassCondition - Condition OnClassCondition on org.springframework.boot.autoconfigure.data.elasticsearch.ReactiveElasticsearchRepositoriesAutoConfiguration did not match due to @ConditionalOnClass did not find required class 'reactor.core.publisher.Mono'
23 17:28 [main] TRACE o.s.b.a.condition.OnClassCondition - Condition OnClassCondition on org.springframework.boot.autoconfigure.data.jdbc.JdbcRepositoriesAutoConfiguration did not match due to @ConditionalOnClass did not find required class 'org.springframework.data.jdbc.repository.config.AbstractJdbcConfiguration'
23 17:28 [main] TRACE o.s.b.a.condition.OnClassCondition - Condition OnClassCondition on org.springframework.boot.autoconfigure.data.ldap.LdapRepositoriesAutoConfiguration did not match due to @ConditionalOnClass did not find required class 'org.springframework.data.ldap.repository.LdapRepository'
23 17:28 [main] TRACE o.s.b.a.condition.OnClassCondition - Condition OnClassCondition on org.springframework.boot.autoconfigure.data.mongo.MongoDataAutoConfiguration did not match due to @ConditionalOnClass did not find required class 'com.mongodb.client.MongoClient'
23 17:28 [main] TRACE o.s.b.a.condition.OnClassCondition - Condition OnClassCondition on org.springframework.boot.autoconfigure.data.mongo.MongoReactiveDataAutoConfiguration did not match due to @ConditionalOnClass did not find required class 'com.mongodb.reactivestreams.client.MongoClient'
23 17:28 [main] TRACE o.s.b.a.condition.OnClassCondition - Condition OnClassCondition on org.springframework.boot.autoconfigure.data.mongo.MongoReactiveRepositoriesAutoConfiguration did not match due to @ConditionalOnClass did not find required class 'com.mongodb.reactivestreams.client.MongoClient'
23 17:28 [main] TRACE o.s.b.a.condition.OnClassCondition - Condition OnClassCondition on org.springframework.boot.autoconfigure.data.mongo.MongoRepositoriesAutoConfiguration did not match due to @ConditionalOnClass did not find required class 'com.mongodb.client.MongoClient'
23 17:28 [main] TRACE o.s.b.a.condition.OnClassCondition - Condition OnClassCondition on org.springframework.boot.autoconfigure.data.neo4j.Neo4jDataAutoConfiguration did not match due to @ConditionalOnClass did not find required class 'org.neo4j.driver.Driver'
23 17:28 [main] TRACE o.s.b.a.condition.OnClassCondition - Condition OnClassCondition on org.springframework.boot.autoconfigure.data.neo4j.Neo4jReactiveDataAutoConfiguration did not match due to @ConditionalOnClass did not find required class 'org.neo4j.driver.Driver'
23 17:28 [main] TRACE o.s.b.a.condition.OnClassCondition - Condition OnClassCondition on org.springframework.boot.autoconfigure.data.neo4j.Neo4jReactiveRepositoriesAutoConfiguration did not match due to @ConditionalOnClass did not find required class 'org.neo4j.driver.Driver'
23 17:28 [main] TRACE o.s.b.a.condition.OnClassCondition - Condition OnClassCondition on org.springframework.boot.autoconfigure.data.neo4j.Neo4jRepositoriesAutoConfiguration did not match due to @ConditionalOnClass did not find required class 'org.neo4j.driver.Driver'
23 17:28 [main] TRACE o.s.b.a.condition.OnClassCondition - Condition OnClassCondition on org.springframework.boot.autoconfigure.data.r2dbc.R2dbcDataAutoConfiguration did not match due to @ConditionalOnClass did not find required class 'org.springframework.data.r2dbc.core.R2dbcEntityTemplate'
23 17:28 [main] TRACE o.s.b.a.condition.OnClassCondition - Condition OnClassCondition on org.springframework.boot.autoconfigure.data.r2dbc.R2dbcRepositoriesAutoConfiguration did not match due to @ConditionalOnClass did not find required class 'io.r2dbc.spi.ConnectionFactory'
23 17:28 [main] TRACE o.s.b.a.condition.OnClassCondition - Condition OnClassCondition on org.springframework.boot.autoconfigure.data.redis.RedisAutoConfiguration did not match due to @ConditionalOnClass did not find required class 'org.springframework.data.redis.core.RedisOperations'
23 17:28 [main] TRACE o.s.b.a.condition.OnClassCondition - Condition OnClassCondition on org.springframework.boot.autoconfigure.data.redis.RedisReactiveAutoConfiguration did not match due to @ConditionalOnClass did not find required class 'reactor.core.publisher.Flux'
23 17:28 [main] TRACE o.s.b.a.condition.OnClassCondition - Condition OnClassCondition on org.springframework.boot.autoconfigure.data.redis.RedisRepositoriesAutoConfiguration did not match due to @ConditionalOnClass did not find required class 'org.springframework.data.redis.repository.configuration.EnableRedisRepositories'
23 17:28 [main] TRACE o.s.b.a.condition.OnClassCondition - Condition OnClassCondition on org.springframework.boot.autoconfigure.data.rest.RepositoryRestMvcAutoConfiguration did not match due to @ConditionalOnClass did not find required class 'org.springframework.data.rest.webmvc.config.RepositoryRestMvcConfiguration'
23 17:28 [main] TRACE o.s.b.a.condition.OnClassCondition - Condition OnClassCondition on org.springframework.boot.autoconfigure.elasticsearch.ElasticsearchClientAutoConfiguration did not match due to @ConditionalOnClass did not find required class 'co.elastic.clients.elasticsearch.ElasticsearchClient'
23 17:28 [main] TRACE o.s.b.a.condition.OnClassCondition - Condition OnClassCondition on org.springframework.boot.autoconfigure.elasticsearch.ElasticsearchRestClientAutoConfiguration did not match due to @ConditionalOnClass did not find required class 'org.elasticsearch.client.RestClientBuilder'
23 17:28 [main] TRACE o.s.b.a.condition.OnClassCondition - Condition OnClassCondition on org.springframework.boot.autoconfigure.elasticsearch.ReactiveElasticsearchClientAutoConfiguration did not match due to @ConditionalOnClass did not find required class 'co.elastic.clients.transport.ElasticsearchTransport'
23 17:28 [main] TRACE o.s.b.a.condition.OnClassCondition - Condition OnClassCondition on org.springframework.boot.autoconfigure.flyway.FlywayAutoConfiguration did not match due to @ConditionalOnClass did not find required class 'org.flywaydb.core.Flyway'
23 17:28 [main] TRACE o.s.b.a.condition.OnClassCondition - Condition OnClassCondition on org.springframework.boot.autoconfigure.freemarker.FreeMarkerAutoConfiguration did not match due to @ConditionalOnClass did not find required class 'freemarker.template.Configuration'
23 17:28 [main] TRACE o.s.b.a.condition.OnClassCondition - Condition OnClassCondition on org.springframework.boot.autoconfigure.graphql.GraphQlAutoConfiguration did not match due to @ConditionalOnClass did not find required class 'graphql.GraphQL'
23 17:28 [main] TRACE o.s.b.a.condition.OnClassCondition - Condition OnClassCondition on org.springframework.boot.autoconfigure.graphql.data.GraphQlQueryByExampleAutoConfiguration did not match due to @ConditionalOnClass did not find required class 'graphql.GraphQL'
23 17:28 [main] TRACE o.s.b.a.condition.OnClassCondition - Condition OnClassCondition on org.springframework.boot.autoconfigure.graphql.data.GraphQlQuerydslAutoConfiguration did not match due to @ConditionalOnClass did not find required class 'com.querydsl.core.Query'
23 17:28 [main] TRACE o.s.b.a.condition.OnClassCondition - Condition OnClassCondition on org.springframework.boot.autoconfigure.graphql.data.GraphQlReactiveQueryByExampleAutoConfiguration did not match due to @ConditionalOnClass did not find required class 'graphql.GraphQL'
23 17:28 [main] TRACE o.s.b.a.condition.OnClassCondition - Condition OnClassCondition on org.springframework.boot.autoconfigure.graphql.data.GraphQlReactiveQuerydslAutoConfiguration did not match due to @ConditionalOnClass did not find required class 'com.querydsl.core.Query'
23 17:28 [main] TRACE o.s.b.a.condition.OnClassCondition - Condition OnClassCondition on org.springframework.boot.autoconfigure.graphql.reactive.GraphQlWebFluxAutoConfiguration did not match due to @ConditionalOnClass did not find required class 'graphql.GraphQL'
23 17:28 [main] TRACE o.s.b.a.condition.OnClassCondition - Condition OnClassCondition on org.springframework.boot.autoconfigure.graphql.rsocket.GraphQlRSocketAutoConfiguration did not match due to @ConditionalOnClass did not find required class 'graphql.GraphQL'
23 17:28 [main] TRACE o.s.b.a.condition.OnClassCondition - Condition OnClassCondition on org.springframework.boot.autoconfigure.graphql.rsocket.RSocketGraphQlClientAutoConfiguration did not match due to @ConditionalOnClass did not find required class 'graphql.GraphQL'
23 17:28 [main] TRACE o.s.b.a.condition.OnClassCondition - Condition OnClassCondition on org.springframework.boot.autoconfigure.graphql.security.GraphQlWebFluxSecurityAutoConfiguration did not match due to @ConditionalOnClass did not find required class 'graphql.GraphQL'
23 17:28 [main] TRACE o.s.b.a.condition.OnClassCondition - Condition OnClassCondition on org.springframework.boot.autoconfigure.graphql.security.GraphQlWebMvcSecurityAutoConfiguration did not match due to @ConditionalOnClass did not find required class 'graphql.GraphQL'
23 17:28 [main] TRACE o.s.b.a.condition.OnClassCondition - Condition OnClassCondition on org.springframework.boot.autoconfigure.graphql.servlet.GraphQlWebMvcAutoConfiguration did not match due to @ConditionalOnClass did not find required class 'graphql.GraphQL'
23 17:28 [main] TRACE o.s.b.a.condition.OnClassCondition - Condition OnClassCondition on org.springframework.boot.autoconfigure.groovy.template.GroovyTemplateAutoConfiguration did not match due to @ConditionalOnClass did not find required class 'groovy.text.markup.MarkupTemplateEngine'
23 17:28 [main] TRACE o.s.b.a.condition.OnClassCondition - Condition OnClassCondition on org.springframework.boot.autoconfigure.h2.H2ConsoleAutoConfiguration did not match due to @ConditionalOnClass did not find required class 'org.h2.server.web.JakartaWebServlet'
23 17:28 [main] TRACE o.s.b.a.condition.OnClassCondition - Condition OnClassCondition on org.springframework.boot.autoconfigure.hateoas.HypermediaAutoConfiguration did not match due to @ConditionalOnClass did not find required class 'org.springframework.hateoas.EntityModel'
23 17:28 [main] TRACE o.s.b.a.condition.OnClassCondition - Condition OnClassCondition on org.springframework.boot.autoconfigure.hazelcast.HazelcastAutoConfiguration did not match due to @ConditionalOnClass did not find required class 'com.hazelcast.core.HazelcastInstance'
23 17:28 [main] TRACE o.s.b.a.condition.OnClassCondition - Condition OnClassCondition on org.springframework.boot.autoconfigure.hazelcast.HazelcastJpaDependencyAutoConfiguration did not match due to @ConditionalOnClass did not find required class 'com.hazelcast.core.HazelcastInstance'
23 17:28 [main] TRACE o.s.b.a.condition.OnClassCondition - Condition OnClassCondition on org.springframework.boot.autoconfigure.http.client.reactive.ClientHttpConnectorAutoConfiguration did not match due to @ConditionalOnClass did not find required class 'reactor.core.publisher.Mono'
23 17:28 [main] TRACE o.s.b.a.condition.OnClassCondition - Condition OnClassCondition on org.springframework.boot.autoconfigure.http.codec.CodecsAutoConfiguration did not match due to @ConditionalOnClass did not find required class 'org.springframework.web.reactive.function.client.WebClient'
23 17:28 [main] TRACE o.s.b.a.condition.OnClassCondition - Condition OnClassCondition on org.springframework.boot.autoconfigure.integration.IntegrationAutoConfiguration did not match due to @ConditionalOnClass did not find required class 'org.springframework.integration.config.EnableIntegration'
23 17:28 [main] TRACE o.s.b.a.condition.OnClassCondition - Condition OnClassCondition on org.springframework.boot.autoconfigure.jersey.JerseyAutoConfiguration did not match due to @ConditionalOnClass did not find required class 'org.glassfish.jersey.server.spring.SpringComponentProvider'
23 17:28 [main] TRACE o.s.b.a.condition.OnClassCondition - Condition OnClassCondition on org.springframework.boot.autoconfigure.jms.JmsAutoConfiguration did not match due to @ConditionalOnClass did not find required class 'jakarta.jms.Message'
23 17:28 [main] TRACE o.s.b.a.condition.OnClassCondition - Condition OnClassCondition on org.springframework.boot.autoconfigure.jms.JndiConnectionFactoryAutoConfiguration did not match due to @ConditionalOnClass did not find required class 'org.springframework.jms.core.JmsTemplate'
23 17:28 [main] TRACE o.s.b.a.condition.OnClassCondition - Condition OnClassCondition on org.springframework.boot.autoconfigure.jms.activemq.ActiveMQAutoConfiguration did not match due to @ConditionalOnClass did not find required class 'jakarta.jms.ConnectionFactory'
23 17:28 [main] TRACE o.s.b.a.condition.OnClassCondition - Condition OnClassCondition on org.springframework.boot.autoconfigure.jms.artemis.ArtemisAutoConfiguration did not match due to @ConditionalOnClass did not find required class 'jakarta.jms.ConnectionFactory'
23 17:28 [main] TRACE o.s.b.a.condition.OnClassCondition - Condition OnClassCondition on org.springframework.boot.autoconfigure.jooq.JooqAutoConfiguration did not match due to @ConditionalOnClass did not find required class 'org.jooq.DSLContext'
23 17:28 [main] TRACE o.s.b.a.condition.OnClassCondition - Condition OnClassCondition on org.springframework.boot.autoconfigure.jsonb.JsonbAutoConfiguration did not match due to @ConditionalOnClass did not find required class 'jakarta.json.bind.Jsonb'
23 17:28 [main] TRACE o.s.b.a.condition.OnClassCondition - Condition OnClassCondition on org.springframework.boot.autoconfigure.kafka.KafkaAutoConfiguration did not match due to @ConditionalOnClass did not find required class 'org.springframework.kafka.core.KafkaTemplate'
23 17:28 [main] TRACE o.s.b.a.condition.OnClassCondition - Condition OnClassCondition on org.springframework.boot.autoconfigure.ldap.LdapAutoConfiguration did not match due to @ConditionalOnClass did not find required class 'org.springframework.ldap.core.ContextSource'
23 17:28 [main] TRACE o.s.b.a.condition.OnClassCondition - Condition OnClassCondition on org.springframework.boot.autoconfigure.ldap.embedded.EmbeddedLdapAutoConfiguration did not match due to @ConditionalOnClass did not find required class 'com.unboundid.ldap.listener.InMemoryDirectoryServer'
23 17:28 [main] TRACE o.s.b.a.condition.OnClassCondition - Condition OnClassCondition on org.springframework.boot.autoconfigure.liquibase.LiquibaseAutoConfiguration did not match due to @ConditionalOnClass did not find required class 'liquibase.change.DatabaseChange'
23 17:28 [main] TRACE o.s.b.a.condition.OnClassCondition - Condition OnClassCondition on org.springframework.boot.autoconfigure.mail.MailSenderAutoConfiguration did not match due to @ConditionalOnClass did not find required class 'jakarta.mail.internet.MimeMessage'
23 17:28 [main] TRACE o.s.b.a.condition.OnClassCondition - Condition OnClassCondition on org.springframework.boot.autoconfigure.mongo.MongoAutoConfiguration did not match due to @ConditionalOnClass did not find required class 'com.mongodb.client.MongoClient'
23 17:28 [main] TRACE o.s.b.a.condition.OnClassCondition - Condition OnClassCondition on org.springframework.boot.autoconfigure.mongo.MongoReactiveAutoConfiguration did not match due to @ConditionalOnClass did not find required class 'com.mongodb.reactivestreams.client.MongoClient'
23 17:28 [main] TRACE o.s.b.a.condition.OnClassCondition - Condition OnClassCondition on org.springframework.boot.autoconfigure.mustache.MustacheAutoConfiguration did not match due to @ConditionalOnClass did not find required class 'com.samskivert.mustache.Mustache'
23 17:28 [main] TRACE o.s.b.a.condition.OnClassCondition - Condition OnClassCondition on org.springframework.boot.autoconfigure.neo4j.Neo4jAutoConfiguration did not match due to @ConditionalOnClass did not find required class 'org.neo4j.driver.Driver'
23 17:28 [main] TRACE o.s.b.a.condition.OnClassCondition - Condition OnClassCondition on org.springframework.boot.autoconfigure.pulsar.PulsarAutoConfiguration did not match due to @ConditionalOnClass did not find required class 'org.apache.pulsar.client.api.PulsarClient'
23 17:28 [main] TRACE o.s.b.a.condition.OnClassCondition - Condition OnClassCondition on org.springframework.boot.autoconfigure.pulsar.PulsarReactiveAutoConfiguration did not match due to @ConditionalOnClass did not find required class 'org.apache.pulsar.client.api.PulsarClient'
23 17:28 [main] TRACE o.s.b.a.condition.OnClassCondition - Condition OnClassCondition on org.springframework.boot.autoconfigure.quartz.QuartzAutoConfiguration did not match due to @ConditionalOnClass did not find required class 'org.quartz.Scheduler'
23 17:28 [main] TRACE o.s.b.a.condition.OnClassCondition - Condition OnClassCondition on org.springframework.boot.autoconfigure.r2dbc.R2dbcAutoConfiguration did not match due to @ConditionalOnClass did not find required class 'io.r2dbc.spi.ConnectionFactory'
23 17:28 [main] TRACE o.s.b.a.condition.OnClassCondition - Condition OnClassCondition on org.springframework.boot.autoconfigure.r2dbc.R2dbcProxyAutoConfiguration did not match due to @ConditionalOnClass did not find required class 'io.r2dbc.proxy.ProxyConnectionFactory'
23 17:28 [main] TRACE o.s.b.a.condition.OnClassCondition - Condition OnClassCondition on org.springframework.boot.autoconfigure.r2dbc.R2dbcTransactionManagerAutoConfiguration did not match due to @ConditionalOnClass did not find required class 'org.springframework.r2dbc.connection.R2dbcTransactionManager'
23 17:28 [main] TRACE o.s.b.a.condition.OnClassCondition - Condition OnClassCondition on org.springframework.boot.autoconfigure.reactor.ReactorAutoConfiguration did not match due to @ConditionalOnClass did not find required class 'reactor.core.publisher.Hooks'
23 17:28 [main] TRACE o.s.b.a.condition.OnClassCondition - Condition OnClassCondition on org.springframework.boot.autoconfigure.rsocket.RSocketMessagingAutoConfiguration did not match due to @ConditionalOnClass did not find required class 'io.rsocket.RSocket'
23 17:28 [main] TRACE o.s.b.a.condition.OnClassCondition - Condition OnClassCondition on org.springframework.boot.autoconfigure.rsocket.RSocketRequesterAutoConfiguration did not match due to @ConditionalOnClass did not find required class 'io.rsocket.RSocket'
23 17:28 [main] TRACE o.s.b.a.condition.OnClassCondition - Condition OnClassCondition on org.springframework.boot.autoconfigure.rsocket.RSocketServerAutoConfiguration did not match due to @ConditionalOnClass did not find required class 'io.rsocket.core.RSocketServer'
23 17:28 [main] TRACE o.s.b.a.condition.OnClassCondition - Condition OnClassCondition on org.springframework.boot.autoconfigure.rsocket.RSocketStrategiesAutoConfiguration did not match due to @ConditionalOnClass did not find required class 'io.rsocket.RSocket'
23 17:28 [main] TRACE o.s.b.a.condition.OnClassCondition - Condition OnClassCondition on org.springframework.boot.autoconfigure.security.oauth2.client.OAuth2ClientAutoConfiguration did not match due to @ConditionalOnClass did not find required class 'org.springframework.security.oauth2.client.registration.ClientRegistration'
23 17:28 [main] TRACE o.s.b.a.condition.OnClassCondition - Condition OnClassCondition on org.springframework.boot.autoconfigure.security.oauth2.client.reactive.ReactiveOAuth2ClientAutoConfiguration did not match due to @ConditionalOnClass did not find required class 'reactor.core.publisher.Flux'
23 17:28 [main] TRACE o.s.b.a.condition.OnClassCondition - Condition OnClassCondition on org.springframework.boot.autoconfigure.security.oauth2.client.reactive.ReactiveOAuth2ClientWebSecurityAutoConfiguration did not match due to @ConditionalOnClass did not find required class 'reactor.core.publisher.Flux'
23 17:28 [main] TRACE o.s.b.a.condition.OnClassCondition - Condition OnClassCondition on org.springframework.boot.autoconfigure.security.oauth2.client.servlet.OAuth2ClientWebSecurityAutoConfiguration did not match due to @ConditionalOnClass did not find required class 'org.springframework.security.config.annotation.web.configuration.EnableWebSecurity'
23 17:28 [main] TRACE o.s.b.a.condition.OnClassCondition - Condition OnClassCondition on org.springframework.boot.autoconfigure.security.oauth2.resource.reactive.ReactiveOAuth2ResourceServerAutoConfiguration did not match due to @ConditionalOnClass did not find required class 'org.springframework.security.config.annotation.web.reactive.EnableWebFluxSecurity'
23 17:28 [main] TRACE o.s.b.a.condition.OnClassCondition - Condition OnClassCondition on org.springframework.boot.autoconfigure.security.oauth2.resource.servlet.OAuth2ResourceServerAutoConfiguration did not match due to @ConditionalOnClass did not find required class 'org.springframework.security.oauth2.server.resource.authentication.BearerTokenAuthenticationToken'
23 17:28 [main] TRACE o.s.b.a.condition.OnClassCondition - Condition OnClassCondition on org.springframework.boot.autoconfigure.security.oauth2.server.servlet.OAuth2AuthorizationServerAutoConfiguration did not match due to @ConditionalOnClass did not find required class 'org.springframework.security.oauth2.server.authorization.OAuth2Authorization'
23 17:28 [main] TRACE o.s.b.a.condition.OnClassCondition - Condition OnClassCondition on org.springframework.boot.autoconfigure.security.oauth2.server.servlet.OAuth2AuthorizationServerJwtAutoConfiguration did not match due to @ConditionalOnClass did not find required class 'com.nimbusds.jose.jwk.source.JWKSource'
23 17:28 [main] TRACE o.s.b.a.condition.OnClassCondition - Condition OnClassCondition on org.springframework.boot.autoconfigure.security.reactive.ReactiveSecurityAutoConfiguration did not match due to @ConditionalOnClass did not find required class 'reactor.core.publisher.Flux'
23 17:28 [main] TRACE o.s.b.a.condition.OnClassCondition - Condition OnClassCondition on org.springframework.boot.autoconfigure.security.reactive.ReactiveUserDetailsServiceAutoConfiguration did not match due to @ConditionalOnClass did not find required class 'org.springframework.security.authentication.ReactiveAuthenticationManager'
23 17:28 [main] TRACE o.s.b.a.condition.OnClassCondition - Condition OnClassCondition on org.springframework.boot.autoconfigure.security.rsocket.RSocketSecurityAutoConfiguration did not match due to @ConditionalOnClass did not find required class 'org.springframework.security.rsocket.core.SecuritySocketAcceptorInterceptor'
23 17:28 [main] TRACE o.s.b.a.condition.OnClassCondition - Condition OnClassCondition on org.springframework.boot.autoconfigure.security.saml2.Saml2RelyingPartyAutoConfiguration did not match due to @ConditionalOnClass did not find required class 'org.springframework.security.saml2.provider.service.registration.RelyingPartyRegistrationRepository'
23 17:28 [main] TRACE o.s.b.a.condition.OnClassCondition - Condition OnClassCondition on org.springframework.boot.autoconfigure.security.servlet.SecurityAutoConfiguration did not match due to @ConditionalOnClass did not find required class 'org.springframework.security.authentication.DefaultAuthenticationEventPublisher'
23 17:28 [main] TRACE o.s.b.a.condition.OnClassCondition - Condition OnClassCondition on org.springframework.boot.autoconfigure.security.servlet.SecurityFilterAutoConfiguration did not match due to @ConditionalOnClass did not find required class 'org.springframework.security.config.http.SessionCreationPolicy'
23 17:28 [main] TRACE o.s.b.a.condition.OnClassCondition - Condition OnClassCondition on org.springframework.boot.autoconfigure.security.servlet.UserDetailsServiceAutoConfiguration did not match due to @ConditionalOnClass did not find required class 'org.springframework.security.authentication.AuthenticationManager'
23 17:28 [main] TRACE o.s.b.a.condition.OnClassCondition - Condition OnClassCondition on org.springframework.boot.autoconfigure.sendgrid.SendGridAutoConfiguration did not match due to @ConditionalOnClass did not find required class 'com.sendgrid.SendGrid'
23 17:28 [main] TRACE o.s.b.a.condition.OnClassCondition - Condition OnClassCondition on org.springframework.boot.autoconfigure.session.SessionAutoConfiguration did not match due to @ConditionalOnClass did not find required class 'org.springframework.session.Session'
23 17:28 [main] TRACE o.s.b.a.condition.OnClassCondition - Condition OnClassCondition on org.springframework.boot.autoconfigure.web.reactive.HttpHandlerAutoConfiguration did not match due to @ConditionalOnClass did not find required class 'org.springframework.web.reactive.DispatcherHandler'
23 17:28 [main] TRACE o.s.b.a.condition.OnClassCondition - Condition OnClassCondition on org.springframework.boot.autoconfigure.web.reactive.ReactiveMultipartAutoConfiguration did not match due to @ConditionalOnClass did not find required class 'org.springframework.web.reactive.config.WebFluxConfigurer'
23 17:28 [main] TRACE o.s.b.a.condition.OnClassCondition - Condition OnClassCondition on org.springframework.boot.autoconfigure.web.reactive.WebFluxAutoConfiguration did not match due to @ConditionalOnClass did not find required class 'org.springframework.web.reactive.config.WebFluxConfigurer'
23 17:28 [main] TRACE o.s.b.a.condition.OnClassCondition - Condition OnClassCondition on org.springframework.boot.autoconfigure.web.reactive.WebSessionIdResolverAutoConfiguration did not match due to @ConditionalOnClass did not find required class 'reactor.core.publisher.Mono'
23 17:28 [main] TRACE o.s.b.a.condition.OnClassCondition - Condition OnClassCondition on org.springframework.boot.autoconfigure.web.reactive.error.ErrorWebFluxAutoConfiguration did not match due to @ConditionalOnClass did not find required class 'org.springframework.web.reactive.config.WebFluxConfigurer'
23 17:28 [main] TRACE o.s.b.a.condition.OnClassCondition - Condition OnClassCondition on org.springframework.boot.autoconfigure.web.reactive.function.client.ClientHttpConnectorAutoConfiguration did not match due to @ConditionalOnClass did not find required class 'org.springframework.web.reactive.function.client.WebClient'
23 17:28 [main] TRACE o.s.b.a.condition.OnClassCondition - Condition OnClassCondition on org.springframework.boot.autoconfigure.web.reactive.function.client.WebClientAutoConfiguration did not match due to @ConditionalOnClass did not find required class 'org.springframework.web.reactive.function.client.WebClient'
23 17:28 [main] TRACE o.s.b.a.condition.OnClassCondition - Condition OnClassCondition on org.springframework.boot.autoconfigure.webservices.WebServicesAutoConfiguration did not match due to @ConditionalOnClass did not find required class 'org.springframework.ws.transport.http.MessageDispatcherServlet'
23 17:28 [main] TRACE o.s.b.a.condition.OnClassCondition - Condition OnClassCondition on org.springframework.boot.autoconfigure.webservices.client.WebServiceTemplateAutoConfiguration did not match due to @ConditionalOnClass did not find required class 'org.springframework.oxm.Marshaller'
23 17:28 [main] TRACE o.s.b.a.condition.OnClassCondition - Condition OnClassCondition on org.springframework.boot.autoconfigure.websocket.servlet.WebSocketMessagingAutoConfiguration did not match due to @ConditionalOnClass did not find required class 'org.springframework.web.socket.config.annotation.WebSocketMessageBrokerConfigurer'
23 17:28 [main] TRACE o.s.b.f.s.DefaultListableBeanFactory - Returning cached instance of singleton bean 'autoConfigurationReport'
23 17:28 [main] TRACE o.s.b.a.c.OnWebApplicationCondition - Condition OnWebApplicationCondition on org.springframework.boot.autoconfigure.web.reactive.ReactiveWebServerFactoryAutoConfiguration did not match due to @ConditionalOnWebApplication did not find reactive web application classes
23 17:28 [main] TRACE o.s.b.a.c.OnWebApplicationCondition - Condition OnWebApplicationCondition on org.springframework.boot.autoconfigure.websocket.reactive.WebSocketReactiveAutoConfiguration did not match due to @ConditionalOnWebApplication did not find reactive web application classes
23 17:28 [main] TRACE o.s.b.f.s.DefaultListableBeanFactory - Returning cached instance of singleton bean 'autoConfigurationReport'
23 17:28 [main] TRACE o.s.b.a.condition.OnBeanCondition - Condition OnBeanCondition on org.springframework.boot.autoconfigure.mail.MailSenderValidatorAutoConfiguration did not match due to @ConditionalOnSingleCandidate did not find required type 'org.springframework.mail.javamail.JavaMailSenderImpl'
23 17:28 [main] TRACE o.s.b.a.AutoConfigurationImportSelector - Filtered 113 auto configuration class in 71 ms
23 17:28 [main] TRACE o.s.c.i.s.SpringFactoriesLoader - Loaded [org.springframework.boot.autoconfigure.AutoConfigurationImportListener] names: [org.springframework.boot.autoconfigure.condition.ConditionEvaluationReportAutoConfigurationImportListener]
23 17:28 [main] TRACE o.s.b.f.s.DefaultListableBeanFactory - Returning cached instance of singleton bean 'autoConfigurationReport'
23 17:28 [main] TRACE o.s.b.f.s.DefaultListableBeanFactory - Returning cached instance of singleton bean 'org.springframework.boot.autoconfigure.internalCachingMetadataReaderFactory'
23 17:28 [main] TRACE o.s.b.f.s.DefaultListableBeanFactory - Returning cached instance of singleton bean 'autoConfigurationReport'
23 17:28 [main] TRACE o.s.b.f.s.DefaultListableBeanFactory - Returning cached instance of singleton bean 'autoConfigurationReport'
23 17:28 [main] TRACE o.s.b.f.s.DefaultListableBeanFactory - Returning cached instance of singleton bean 'autoConfigurationReport'
23 17:28 [main] TRACE o.s.b.f.s.DefaultListableBeanFactory - Returning cached instance of singleton bean 'autoConfigurationReport'
23 17:28 [main] TRACE o.s.b.f.s.DefaultListableBeanFactory - Returning cached instance of singleton bean 'autoConfigurationReport'
23 17:28 [main] TRACE o.s.b.f.s.DefaultListableBeanFactory - Returning cached instance of singleton bean 'autoConfigurationReport'
23 17:28 [main] TRACE o.s.c.i.s.PathMatchingResourcePatternResolver - Resolved module-path location pattern [messages.properties] to resources []
23 17:28 [main] TRACE o.s.c.i.s.PathMatchingResourcePatternResolver - Resolved class path location [messages.properties] to resources [file [C:\Users\sofic\OneDrive\Documents\NetBeansProjects\practica01\target\classes\messages.properties]]
23 17:28 [main] TRACE o.s.b.a.c.MessageSourceAutoConfiguration$ResourceBundleCondition - Condition MessageSourceAutoConfiguration.ResourceBundleCondition on org.springframework.boot.autoconfigure.context.MessageSourceAutoConfiguration matched due to ResourceBundle found bundle file [C:\Users\sofic\OneDrive\Documents\NetBeansProjects\practica01\target\classes\messages.properties]
23 17:28 [main] TRACE o.s.b.f.s.DefaultListableBeanFactory - Returning cached instance of singleton bean 'autoConfigurationReport'
23 17:28 [main] TRACE o.s.b.f.s.DefaultListableBeanFactory - Returning cached instance of singleton bean 'autoConfigurationReport'
23 17:28 [main] TRACE o.s.b.f.s.DefaultListableBeanFactory - Returning cached instance of singleton bean 'autoConfigurationReport'
23 17:28 [main] TRACE o.s.b.f.s.DefaultListableBeanFactory - Returning cached instance of singleton bean 'autoConfigurationReport'
23 17:28 [main] TRACE o.s.b.f.s.DefaultListableBeanFactory - Returning cached instance of singleton bean 'autoConfigurationReport'
23 17:28 [main] TRACE o.s.b.f.s.DefaultListableBeanFactory - Returning cached instance of singleton bean 'autoConfigurationReport'
23 17:28 [main] TRACE o.s.b.f.s.DefaultListableBeanFactory - Returning cached instance of singleton bean 'autoConfigurationReport'
23 17:28 [main] TRACE o.s.b.f.s.DefaultListableBeanFactory - Returning cached instance of singleton bean 'autoConfigurationReport'
23 17:28 [main] TRACE o.s.b.f.s.DefaultListableBeanFactory - Returning cached instance of singleton bean 'autoConfigurationReport'
23 17:28 [main] TRACE o.s.b.f.s.DefaultListableBeanFactory - Returning cached instance of singleton bean 'autoConfigurationReport'
23 17:28 [main] TRACE o.s.b.f.s.DefaultListableBeanFactory - Returning cached instance of singleton bean 'autoConfigurationReport'
23 17:28 [main] TRACE o.s.b.f.s.DefaultListableBeanFactory - Returning cached instance of singleton bean 'autoConfigurationReport'
23 17:28 [main] TRACE o.s.b.f.s.DefaultListableBeanFactory - Returning cached instance of singleton bean 'autoConfigurationReport'
23 17:28 [main] TRACE o.s.b.f.s.DefaultListableBeanFactory - Returning cached instance of singleton bean 'autoConfigurationReport'
23 17:28 [main] TRACE o.s.b.f.s.DefaultListableBeanFactory - Returning cached instance of singleton bean 'autoConfigurationReport'
23 17:28 [main] TRACE o.s.b.f.s.DefaultListableBeanFactory - Returning cached instance of singleton bean 'autoConfigurationReport'
23 17:28 [main] TRACE o.s.b.f.s.DefaultListableBeanFactory - Returning cached instance of singleton bean 'autoConfigurationReport'
23 17:28 [main] TRACE o.s.b.f.s.DefaultListableBeanFactory - Returning cached instance of singleton bean 'autoConfigurationReport'
23 17:28 [main] TRACE o.s.b.f.s.DefaultListableBeanFactory - Returning cached instance of singleton bean 'autoConfigurationReport'
23 17:28 [main] TRACE o.s.b.f.s.DefaultListableBeanFactory - Returning cached instance of singleton bean 'autoConfigurationReport'
23 17:28 [main] TRACE o.s.b.f.s.DefaultListableBeanFactory - Returning cached instance of singleton bean 'autoConfigurationReport'
23 17:28 [main] TRACE o.s.b.f.s.DefaultListableBeanFactory - Returning cached instance of singleton bean 'autoConfigurationReport'
23 17:28 [main] TRACE o.s.b.f.s.DefaultListableBeanFactory - Returning cached instance of singleton bean 'autoConfigurationReport'
23 17:28 [main] TRACE o.s.b.f.s.DefaultListableBeanFactory - Returning cached instance of singleton bean 'autoConfigurationReport'
23 17:28 [main] TRACE o.s.b.f.s.DefaultListableBeanFactory - Returning cached instance of singleton bean 'autoConfigurationReport'
23 17:28 [main] TRACE o.s.b.f.s.DefaultListableBeanFactory - Returning cached instance of singleton bean 'autoConfigurationReport'
23 17:28 [main] TRACE o.s.b.f.s.DefaultListableBeanFactory - Returning cached instance of singleton bean 'autoConfigurationReport'
23 17:28 [main] TRACE o.s.b.f.s.DefaultListableBeanFactory - Returning cached instance of singleton bean 'autoConfigurationReport'
23 17:28 [main] TRACE o.s.b.a.condition.OnClassCondition - Condition OnClassCondition on org.springframework.boot.autoconfigure.websocket.servlet.WebSocketServletAutoConfiguration matched due to @ConditionalOnClass found required classes 'jakarta.servlet.Servlet', 'jakarta.websocket.server.ServerContainer'
23 17:28 [main] TRACE o.s.b.f.s.DefaultListableBeanFactory - Returning cached instance of singleton bean 'autoConfigurationReport'
23 17:28 [main] TRACE o.s.b.a.c.OnWebApplicationCondition - Condition OnWebApplicationCondition on org.springframework.boot.autoconfigure.websocket.servlet.WebSocketServletAutoConfiguration matched due to found 'session' scope
23 17:28 [main] TRACE o.s.b.f.s.DefaultListableBeanFactory - Returning cached instance of singleton bean 'autoConfigurationReport'
23 17:28 [main] TRACE o.s.b.f.s.DefaultListableBeanFactory - Returning cached instance of singleton bean 'autoConfigurationReport'
23 17:28 [main] TRACE o.s.b.f.s.DefaultListableBeanFactory - Returning cached instance of singleton bean 'autoConfigurationReport'
23 17:28 [main] TRACE o.s.b.f.s.DefaultListableBeanFactory - Returning cached instance of singleton bean 'autoConfigurationReport'
23 17:28 [main] TRACE o.s.b.a.condition.OnClassCondition - Condition OnClassCondition on org.springframework.boot.autoconfigure.websocket.servlet.WebSocketServletAutoConfiguration$UndertowWebSocketConfiguration did not match due to @ConditionalOnClass did not find required class 'io.undertow.websockets.jsr.Bootstrap'
23 17:28 [main] TRACE o.s.b.f.s.DefaultListableBeanFactory - Returning cached instance of singleton bean 'autoConfigurationReport'
23 17:28 [main] TRACE o.s.b.a.condition.OnClassCondition - Condition OnClassCondition on org.springframework.boot.autoconfigure.websocket.servlet.WebSocketServletAutoConfiguration$JettyWebSocketConfiguration did not match due to @ConditionalOnClass did not find required class 'org.eclipse.jetty.ee10.websocket.jakarta.server.config.JakartaWebSocketServletContainerInitializer'
23 17:28 [main] TRACE o.s.b.f.s.DefaultListableBeanFactory - Returning cached instance of singleton bean 'autoConfigurationReport'
[...]

   MongoAutoConfiguration:
      Did not match:
         - @ConditionalOnClass did not find required class 'com.mongodb.client.MongoClient' (OnClassCondition)

   MongoDataAutoConfiguration:
      Did not match:
         - @ConditionalOnClass did not find required class 'com.mongodb.client.MongoClient' (OnClassCondition)

   MongoReactiveAutoConfiguration:
      Did not match:
         - @ConditionalOnClass did not find required class 'com.mongodb.reactivestreams.client.MongoClient' (OnClassCondition)

   MongoReactiveDataAutoConfiguration:
      Did not match:
         - @ConditionalOnClass did not find required class 'com.mongodb.reactivestreams.client.MongoClient' (OnClassCondition)

   MongoReactiveRepositoriesAutoConfiguration:
      Did not match:
         - @ConditionalOnClass did not find required class 'com.mongodb.reactivestreams.client.MongoClient' (OnClassCondition)

   MongoRepositoriesAutoConfiguration:
      Did not match:
         - @ConditionalOnClass did not find required class 'com.mongodb.client.MongoClient' (OnClassCondition)

   MustacheAutoConfiguration:
      Did not match:
         - @ConditionalOnClass did not find required class 'com.samskivert.mustache.Mustache' (OnClassCondition)

   Neo4jAutoConfiguration:
      Did not match:
         - @ConditionalOnClass did not find required class 'org.neo4j.driver.Driver' (OnClassCondition)

   Neo4jDataAutoConfiguration:
      Did not match:
         - @ConditionalOnClass did not find required class 'org.neo4j.driver.Driver' (OnClassCondition)

   Neo4jReactiveDataAutoConfiguration:
      Did not match:
         - @ConditionalOnClass did not find required class 'org.neo4j.driver.Driver' (OnClassCondition)

   Neo4jReactiveRepositoriesAutoConfiguration:
      Did not match:
         - @ConditionalOnClass did not find required class 'org.neo4j.driver.Driver' (OnClassCondition)

   Neo4jRepositoriesAutoConfiguration:
      Did not match:
         - @ConditionalOnClass did not find required class 'org.neo4j.driver.Driver' (OnClassCondition)

   OAuth2AuthorizationServerAutoConfiguration:
      Did not match:
         - @ConditionalOnClass did not find required class 'org.springframework.security.oauth2.server.authorization.OAuth2Authorization' (OnClassCondition)

   OAuth2AuthorizationServerJwtAutoConfiguration:
      Did not match:
         - @ConditionalOnClass did not find required class 'com.nimbusds.jose.jwk.source.JWKSource' (OnClassCondition)

   OAuth2ClientAutoConfiguration:
      Did not match:
         - @ConditionalOnClass did not find required class 'org.springframework.security.oauth2.client.registration.ClientRegistration' (OnClassCondition)

   OAuth2ClientWebSecurityAutoConfiguration:
      Did not match:
         - @ConditionalOnClass did not find required class 'org.springframework.security.config.annotation.web.configuration.EnableWebSecurity' (OnClassCondition)

   OAuth2ResourceServerAutoConfiguration:
      Did not match:
         - @ConditionalOnClass did not find required class 'org.springframework.security.oauth2.server.resource.authentication.BearerTokenAuthenticationToken' (OnClassCondition)

   ProjectInfoAutoConfiguration#buildProperties:
      Did not match:
         - @ConditionalOnResource did not find resource '${spring.info.build.location:classpath:META-INF/build-info.properties}' (OnResourceCondition)

   ProjectInfoAutoConfiguration#gitProperties:
      Did not match:
         - GitResource did not find git info at classpath:git.properties (ProjectInfoAutoConfiguration.GitResourceAvailableCondition)

   PulsarAutoConfiguration:
      Did not match:
         - @ConditionalOnClass did not find required class 'org.apache.pulsar.client.api.PulsarClient' (OnClassCondition)

   PulsarReactiveAutoConfiguration:
      Did not match:
         - @ConditionalOnClass did not find required class 'org.apache.pulsar.client.api.PulsarClient' (OnClassCondition)

   QuartzAutoConfiguration:
      Did not match:
         - @ConditionalOnClass did not find required class 'org.quartz.Scheduler' (OnClassCondition)

   R2dbcAutoConfiguration:
      Did not match:
         - @ConditionalOnClass did not find required class 'io.r2dbc.spi.ConnectionFactory' (OnClassCondition)

   R2dbcDataAutoConfiguration:
      Did not match:
         - @ConditionalOnClass did not find required class 'org.springframework.data.r2dbc.core.R2dbcEntityTemplate' (OnClassCondition)

   R2dbcInitializationConfiguration:
      Did not match:
         - @ConditionalOnClass did not find required classes 'io.r2dbc.spi.ConnectionFactory', 'org.springframework.r2dbc.connection.init.DatabasePopulator' (OnClassCondition)

   R2dbcProxyAutoConfiguration:
      Did not match:
         - @ConditionalOnClass did not find required class 'io.r2dbc.proxy.ProxyConnectionFactory' (OnClassCondition)

   R2dbcRepositoriesAutoConfiguration:
      Did not match:
         - @ConditionalOnClass did not find required class 'io.r2dbc.spi.ConnectionFactory' (OnClassCondition)

   R2dbcTransactionManagerAutoConfiguration:
      Did not match:
         - @ConditionalOnClass did not find required class 'org.springframework.r2dbc.connection.R2dbcTransactionManager' (OnClassCondition)

   RSocketGraphQlClientAutoConfiguration:
      Did not match:
         - @ConditionalOnClass did not find required class 'graphql.GraphQL' (OnClassCondition)

   RSocketMessagingAutoConfiguration:
      Did not match:
         - @ConditionalOnClass did not find required class 'io.rsocket.RSocket' (OnClassCondition)

   RSocketRequesterAutoConfiguration:
      Did not match:
         - @ConditionalOnClass did not find required class 'io.rsocket.RSocket' (OnClassCondition)

   RSocketSecurityAutoConfiguration:
      Did not match:
         - @ConditionalOnClass did not find required class 'org.springframework.security.rsocket.core.SecuritySocketAcceptorInterceptor' (OnClassCondition)

   RSocketServerAutoConfiguration:
      Did not match:
         - @ConditionalOnClass did not find required class 'io.rsocket.core.RSocketServer' (OnClassCondition)

   RSocketStrategiesAutoConfiguration:
      Did not match:
         - @ConditionalOnClass did not find required class 'io.rsocket.RSocket' (OnClassCondition)

   RabbitAutoConfiguration:
      Did not match:
         - @ConditionalOnClass did not find required class 'com.rabbitmq.client.Channel' (OnClassCondition)

   ReactiveElasticsearchClientAutoConfiguration:
      Did not match:
         - @ConditionalOnClass did not find required class 'co.elastic.clients.transport.ElasticsearchTransport' (OnClassCondition)

   ReactiveElasticsearchRepositoriesAutoConfiguration:
      Did not match:
         - @ConditionalOnClass did not find required class 'reactor.core.publisher.Mono' (OnClassCondition)

   ReactiveMultipartAutoConfiguration:
      Did not match:
         - @ConditionalOnClass did not find required class 'org.springframework.web.reactive.config.WebFluxConfigurer' (OnClassCondition)

   ReactiveOAuth2ClientAutoConfiguration:
      Did not match:
         - @ConditionalOnClass did not find required class 'reactor.core.publisher.Flux' (OnClassCondition)

   ReactiveOAuth2ClientWebSecurityAutoConfiguration:
      Did not match:
         - @ConditionalOnClass did not find required class 'reactor.core.publisher.Flux' (OnClassCondition)

   ReactiveOAuth2ResourceServerAutoConfiguration:
      Did not match:
         - @ConditionalOnClass did not find required class 'org.springframework.security.config.annotation.web.reactive.EnableWebFluxSecurity' (OnClassCondition)

   ReactiveSecurityAutoConfiguration:
      Did not match:
         - @ConditionalOnClass did not find required class 'reactor.core.publisher.Flux' (OnClassCondition)

   ReactiveUserDetailsServiceAutoConfiguration:
      Did not match:
         - @ConditionalOnClass did not find required class 'org.springframework.security.authentication.ReactiveAuthenticationManager' (OnClassCondition)

   ReactiveWebServerFactoryAutoConfiguration:
      Did not match:
         - @ConditionalOnWebApplication did not find reactive web application classes (OnWebApplicationCondition)

   ReactorAutoConfiguration:
      Did not match:
         - @ConditionalOnClass did not find required class 'reactor.core.publisher.Hooks' (OnClassCondition)

   RedisAutoConfiguration:
      Did not match:
         - @ConditionalOnClass did not find required class 'org.springframework.data.redis.core.RedisOperations' (OnClassCondition)

   RedisCacheConfiguration:
      Did not match:
         - @ConditionalOnClass did not find required class 'org.springframework.data.redis.connection.RedisConnectionFactory' (OnClassCondition)

   RedisReactiveAutoConfiguration:
      Did not match:
         - @ConditionalOnClass did not find required class 'reactor.core.publisher.Flux' (OnClassCondition)

   RedisRepositoriesAutoConfiguration:
      Did not match:
         - @ConditionalOnClass did not find required class 'org.springframework.data.redis.repository.configuration.EnableRedisRepositories' (OnClassCondition)

   RemoteDevToolsAutoConfiguration:
      Did not match:
         - @ConditionalOnProperty (spring.devtools.remote.secret) did not find property 'spring.devtools.remote.secret' (OnPropertyCondition)
      Matched:
         - @ConditionalOnClass found required classes 'jakarta.servlet.Filter', 'org.springframework.http.server.ServerHttpRequest' (OnClassCondition)

   RepositoryRestMvcAutoConfiguration:
      Did not match:
         - @ConditionalOnClass did not find required class 'org.springframework.data.rest.webmvc.config.RepositoryRestMvcConfiguration' (OnClassCondition)

   Saml2RelyingPartyAutoConfiguration:
      Did not match:
         - @ConditionalOnClass did not find required class 'org.springframework.security.saml2.provider.service.registration.RelyingPartyRegistrationRepository' (OnClassCondition)

   SecurityAutoConfiguration:
      Did not match:
         - @ConditionalOnClass did not find required class 'org.springframework.security.authentication.DefaultAuthenticationEventPublisher' (OnClassCondition)

   SecurityFilterAutoConfiguration:
      Did not match:
         - @ConditionalOnClass did not find required class 'org.springframework.security.config.http.SessionCreationPolicy' (OnClassCondition)

   SendGridAutoConfiguration:
      Did not match:
         - @ConditionalOnClass did not find required class 'com.sendgrid.SendGrid' (OnClassCondition)

   ServletWebServerFactoryAutoConfiguration.ForwardedHeaderFilterConfiguration:
      Did not match:
         - @ConditionalOnProperty (server.forward-headers-strategy=framework) did not find property 'server.forward-headers-strategy' (OnPropertyCondition)

   ServletWebServerFactoryConfiguration.EmbeddedJetty:
      Did not match:
         - @ConditionalOnClass did not find required classes 'org.eclipse.jetty.server.Server', 'org.eclipse.jetty.util.Loader', 'org.eclipse.jetty.ee10.webapp.WebAppContext' (OnClassCondition)

   ServletWebServerFactoryConfiguration.EmbeddedUndertow:
      Did not match:
         - @ConditionalOnClass did not find required classes 'io.undertow.Undertow', 'org.xnio.SslClientAuthMode' (OnClassCondition)

   SessionAutoConfiguration:
      Did not match:
         - @ConditionalOnClass did not find required class 'org.springframework.session.Session' (OnClassCondition)

   SpringApplicationAdminJmxAutoConfiguration:
      Did not match:
         - @ConditionalOnBooleanProperty (spring.application.admin.enabled=true) did not find property 'spring.application.admin.enabled' (OnPropertyCondition)

   TaskExecutorConfigurations.SimpleAsyncTaskExecutorBuilderConfiguration#simpleAsyncTaskExecutorBuilderVirtualThreads:
      Did not match:
         - @ConditionalOnMissingBean (types: org.springframework.boot.task.SimpleAsyncTaskExecutorBuilder; SearchStrategy: all) found beans of type 'org.springframework.boot.task.SimpleAsyncTaskExecutorBuilder' simpleAsyncTaskExecutorBuilder (OnBeanCondition)

   TaskExecutorConfigurations.TaskExecutorConfiguration#applicationTaskExecutorVirtualThreads:
      Did not match:
         - @ConditionalOnThreading did not find VIRTUAL (OnThreadingCondition)

   TaskSchedulingAutoConfiguration#scheduledBeanLazyInitializationExcludeFilter:
      Did not match:
         - @ConditionalOnBean (names: org.springframework.context.annotation.internalScheduledAnnotationProcessor; SearchStrategy: all) did not find any beans named org.springframework.context.annotation.internalScheduledAnnotationProcessor (OnBeanCondition)

   TaskSchedulingConfigurations.SimpleAsyncTaskSchedulerBuilderConfiguration#simpleAsyncTaskSchedulerBuilderVirtualThreads:
      Did not match:
         - @ConditionalOnMissingBean (types: org.springframework.boot.task.SimpleAsyncTaskSchedulerBuilder; SearchStrategy: all) found beans of type 'org.springframework.boot.task.SimpleAsyncTaskSchedulerBuilder' simpleAsyncTaskSchedulerBuilder (OnBeanCondition)

   TaskSchedulingConfigurations.TaskSchedulerConfiguration:
      Did not match:
         - @ConditionalOnBean (names: org.springframework.context.annotation.internalScheduledAnnotationProcessor; SearchStrategy: all) did not find any beans named org.springframework.context.annotation.internalScheduledAnnotationProcessor (OnBeanCondition)

   TemplateEngineConfigurations.ReactiveTemplateEngineConfiguration:
      Did not match:
         - did not find reactive web application classes (OnWebApplicationCondition)

   ThymeleafAutoConfiguration.DataAttributeDialectConfiguration:
      Did not match:
         - @ConditionalOnClass did not find required class 'com.github.mxab.thymeleaf.extras.dataattribute.dialect.DataAttributeDialect' (OnClassCondition)

   ThymeleafAutoConfiguration.ThymeleafSecurityDialectConfiguration:
      Did not match:
         - @ConditionalOnClass did not find required classes 'org.thymeleaf.extras.springsecurity6.dialect.SpringSecurityDialect', 'org.springframework.security.web.server.csrf.CsrfToken' (OnClassCondition)

   ThymeleafAutoConfiguration.ThymeleafWebFluxConfiguration:
      Did not match:
         - did not find reactive web application classes (OnWebApplicationCondition)

   ThymeleafAutoConfiguration.ThymeleafWebLayoutConfiguration:
      Did not match:
         - @ConditionalOnClass did not find required class 'nz.net.ultraq.thymeleaf.layoutdialect.LayoutDialect' (OnClassCondition)

   TransactionAutoConfiguration#transactionalOperator:
      Did not match:
         - @ConditionalOnSingleCandidate (types: org.springframework.transaction.ReactiveTransactionManager; SearchStrategy: all) did not find any beans (OnBeanCondition)

   TransactionAutoConfiguration.AspectJTransactionManagementConfiguration:
      Did not match:
         - @ConditionalOnBean (types: org.springframework.transaction.aspectj.AbstractTransactionAspect; SearchStrategy: all) did not find any beans of type org.springframework.transaction.aspectj.AbstractTransactionAspect (OnBeanCondition)

   TransactionAutoConfiguration.EnableTransactionManagementConfiguration.JdkDynamicAutoProxyConfiguration:
      Did not match:
         - @ConditionalOnBooleanProperty (spring.aop.proxy-target-class=false) did not find property 'spring.aop.proxy-target-class' (OnPropertyCondition)

   UserDetailsServiceAutoConfiguration:
      Did not match:
         - @ConditionalOnClass did not find required class 'org.springframework.security.authentication.AuthenticationManager' (OnClassCondition)

   WebClientAutoConfiguration:
      Did not match:
         - @ConditionalOnClass did not find required class 'org.springframework.web.reactive.function.client.WebClient' (OnClassCondition)

   WebFluxAutoConfiguration:
      Did not match:
         - @ConditionalOnClass did not find required class 'org.springframework.web.reactive.config.WebFluxConfigurer' (OnClassCondition)

   WebMvcAutoConfiguration#hiddenHttpMethodFilter:
      Did not match:
         - @ConditionalOnBooleanProperty (spring.mvc.hiddenmethod.filter.enabled=true) did not find property 'spring.mvc.hiddenmethod.filter.enabled' (OnPropertyCondition)

   WebMvcAutoConfiguration.EnableWebMvcConfiguration#localeResolver:
      Did not match:
         - @ConditionalOnMissingBean (names: localeResolver; SearchStrategy: all) found beans named localeResolver (OnBeanCondition)

   WebMvcAutoConfiguration.ProblemDetailsErrorHandlingConfiguration:
      Did not match:
         - @ConditionalOnBooleanProperty (spring.mvc.problemdetails.enabled=true) did not find property 'spring.mvc.problemdetails.enabled' (OnPropertyCondition)

   WebMvcAutoConfiguration.WebMvcAutoConfigurationAdapter#beanNameViewResolver:
      Did not match:
         - @ConditionalOnMissingBean (types: org.springframework.web.servlet.view.BeanNameViewResolver; SearchStrategy: all) found beans of type 'org.springframework.web.servlet.view.BeanNameViewResolver' beanNameViewResolver (OnBeanCondition)

   WebServiceTemplateAutoConfiguration:
      Did not match:
         - @ConditionalOnClass did not find required class 'org.springframework.oxm.Marshaller' (OnClassCondition)

   WebServicesAutoConfiguration:
      Did not match:
         - @ConditionalOnClass did not find required class 'org.springframework.ws.transport.http.MessageDispatcherServlet' (OnClassCondition)

   WebSessionIdResolverAutoConfiguration:
      Did not match:
         - @ConditionalOnClass did not find required class 'reactor.core.publisher.Mono' (OnClassCondition)

   WebSocketMessagingAutoConfiguration:
      Did not match:
         - @ConditionalOnClass did not find required class 'org.springframework.web.socket.config.annotation.WebSocketMessageBrokerConfigurer' (OnClassCondition)

   WebSocketReactiveAutoConfiguration:
      Did not match:
         - @ConditionalOnWebApplication did not find reactive web application classes (OnWebApplicationCondition)

   WebSocketServletAutoConfiguration.JettyWebSocketConfiguration:
      Did not match:
         - @ConditionalOnClass did not find required class 'org.eclipse.jetty.ee10.websocket.jakarta.server.config.JakartaWebSocketServletContainerInitializer' (OnClassCondition)

   WebSocketServletAutoConfiguration.UndertowWebSocketConfiguration:
      Did not match:
         - @ConditionalOnClass did not find required class 'io.undertow.websockets.jsr.Bootstrap' (OnClassCondition)

   XADataSourceAutoConfiguration:
      Did not match:
         - @ConditionalOnBean (types: org.springframework.boot.jdbc.XADataSourceWrapper; SearchStrategy: all) did not find any beans of type org.springframework.boot.jdbc.XADataSourceWrapper (OnBeanCondition)
      Matched:
         - @ConditionalOnClass found required classes 'javax.sql.DataSource', 'jakarta.transaction.TransactionManager', 'org.springframework.jdbc.datasource.embedded.EmbeddedDatabaseType' (OnClassCondition)


Exclusions:
-----------

    None


Unconditional classes:
----------------------

    org.springframework.boot.autoconfigure.context.ConfigurationPropertiesAutoConfiguration

    org.springframework.boot.autoconfigure.ssl.SslAutoConfiguration

    org.springframework.boot.autoconfigure.context.LifecycleAutoConfiguration

    org.springframework.boot.autoconfigure.context.PropertyPlaceholderAutoConfiguration

    org.springframework.boot.autoconfigure.availability.ApplicationAvailabilityAutoConfiguration

    org.springframework.boot.autoconfigure.info.ProjectInfoAutoConfiguration



]]></system-err>
  </testcase>
</testsuite>